{"C:\\Users\\usuario\\Downloads\\cmpc-libros-backend\\src\\app.module.ts": {"path":"C:\\Users\\usuario\\Downloads\\cmpc-libros-backend\\src\\app.module.ts","statementMap":{"0":{"start":{"line":1,"column":0},"end":{"line":1,"column":40}},"1":{"start":{"line":2,"column":0},"end":{"line":2,"column":52}},"2":{"start":{"line":3,"column":0},"end":{"line":3,"column":46}},"3":{"start":{"line":4,"column":0},"end":{"line":4,"column":51}},"4":{"start":{"line":5,"column":0},"end":{"line":5,"column":48}},"5":{"start":{"line":6,"column":0},"end":{"line":6,"column":51}},"6":{"start":{"line":7,"column":0},"end":{"line":7,"column":67}},"7":{"start":{"line":8,"column":0},"end":{"line":8,"column":54}},"8":{"start":{"line":9,"column":0},"end":{"line":9,"column":57}},"9":{"start":{"line":10,"column":0},"end":{"line":10,"column":65}},"10":{"start":{"line":24,"column":7},"end":{"line":24,"column":null}},"11":{"start":{"line":24,"column":13},"end":{"line":24,"column":22}},"12":{"start":{"line":24,"column":13},"end":{"line":24,"column":null}}},"fnMap":{},"branchMap":{},"s":{"0":0,"1":0,"2":0,"3":0,"4":0,"5":0,"6":0,"7":0,"8":0,"9":0,"10":0,"11":0,"12":0},"f":{},"b":{}}
,"C:\\Users\\usuario\\Downloads\\cmpc-libros-backend\\src\\main.ts": {"path":"C:\\Users\\usuario\\Downloads\\cmpc-libros-backend\\src\\main.ts","statementMap":{"0":{"start":{"line":1,"column":0},"end":{"line":1,"column":48}},"1":{"start":{"line":2,"column":0},"end":{"line":2,"column":43}},"2":{"start":{"line":3,"column":0},"end":{"line":3,"column":33}},"3":{"start":{"line":4,"column":0},"end":{"line":4,"column":41}},"4":{"start":{"line":5,"column":0},"end":{"line":5,"column":49}},"5":{"start":{"line":6,"column":0},"end":{"line":6,"column":28}},"6":{"start":{"line":7,"column":0},"end":{"line":7,"column":35}},"7":{"start":{"line":10,"column":2},"end":{"line":10,"column":18}},"8":{"start":{"line":11,"column":14},"end":{"line":11,"column":49}},"9":{"start":{"line":12,"column":2},"end":{"line":12,"column":19}},"10":{"start":{"line":13,"column":2},"end":{"line":15,"column":4}},"11":{"start":{"line":17,"column":20},"end":{"line":17,"column":38}},"12":{"start":{"line":18,"column":2},"end":{"line":18,"column":40}},"13":{"start":{"line":20,"column":2},"end":{"line":20,"column":45}},"14":{"start":{"line":21,"column":2},"end":{"line":21,"column":72}},"15":{"start":{"line":22,"column":2},"end":{"line":22,"column":57}},"16":{"start":{"line":24,"column":0},"end":{"line":24,"column":12}}},"fnMap":{"0":{"name":"bootstrap","decl":{"start":{"line":9,"column":15},"end":{"line":9,"column":24}},"loc":{"start":{"line":9,"column":24},"end":{"line":23,"column":1}}}},"branchMap":{"0":{"loc":{"start":{"line":20,"column":19},"end":{"line":20,"column":43}},"type":"binary-expr","locations":[{"start":{"line":20,"column":19},"end":{"line":20,"column":35}},{"start":{"line":20,"column":39},"end":{"line":20,"column":43}}]}},"s":{"0":0,"1":0,"2":0,"3":0,"4":0,"5":0,"6":0,"7":0,"8":0,"9":0,"10":0,"11":0,"12":0,"13":0,"14":0,"15":0,"16":0},"f":{"0":0},"b":{"0":[0,0]}}
,"C:\\Users\\usuario\\Downloads\\cmpc-libros-backend\\src\\audit\\audit.model.ts": {"path":"C:\\Users\\usuario\\Downloads\\cmpc-libros-backend\\src\\audit\\audit.model.ts","statementMap":{"0":{"start":{"line":1,"column":0},"end":{"line":1,"column":79}},"1":{"start":{"line":4,"column":7},"end":{"line":20,"column":null}},"2":{"start":{"line":16,"column":2},"end":{"line":16,"column":24}},"3":{"start":{"line":4,"column":13},"end":{"line":4,"column":21}},"4":{"start":{"line":7,"column":2},"end":{"line":7,"column":null}},"5":{"start":{"line":10,"column":2},"end":{"line":10,"column":null}},"6":{"start":{"line":13,"column":2},"end":{"line":13,"column":null}},"7":{"start":{"line":16,"column":2},"end":{"line":16,"column":null}},"8":{"start":{"line":19,"column":2},"end":{"line":19,"column":null}},"9":{"start":{"line":4,"column":13},"end":{"line":20,"column":null}}},"fnMap":{"0":{"name":"(anonymous_2)","decl":{"start":{"line":4,"column":7},"end":{"line":4,"column":13}},"loc":{"start":{"line":4,"column":7},"end":{"line":20,"column":1}}}},"branchMap":{},"s":{"0":2,"1":2,"2":0,"3":2,"4":2,"5":2,"6":2,"7":2,"8":2,"9":2},"f":{"0":0},"b":{}}
,"C:\\Users\\usuario\\Downloads\\cmpc-libros-backend\\src\\audit\\audit.module.ts": {"path":"C:\\Users\\usuario\\Downloads\\cmpc-libros-backend\\src\\audit\\audit.module.ts","statementMap":{"0":{"start":{"line":1,"column":0},"end":{"line":1,"column":40}},"1":{"start":{"line":2,"column":0},"end":{"line":2,"column":52}},"2":{"start":{"line":3,"column":0},"end":{"line":3,"column":41}},"3":{"start":{"line":4,"column":0},"end":{"line":4,"column":47}},"4":{"start":{"line":11,"column":7},"end":{"line":11,"column":null}},"5":{"start":{"line":11,"column":13},"end":{"line":11,"column":24}},"6":{"start":{"line":11,"column":13},"end":{"line":11,"column":null}}},"fnMap":{},"branchMap":{},"s":{"0":0,"1":0,"2":0,"3":0,"4":0,"5":0,"6":0},"f":{},"b":{}}
,"C:\\Users\\usuario\\Downloads\\cmpc-libros-backend\\src\\audit\\audit.service.ts": {"path":"C:\\Users\\usuario\\Downloads\\cmpc-libros-backend\\src\\audit\\audit.service.ts","statementMap":{"0":{"start":{"line":1,"column":0},"end":{"line":1,"column":44}},"1":{"start":{"line":2,"column":0},"end":{"line":2,"column":48}},"2":{"start":{"line":3,"column":0},"end":{"line":3,"column":41}},"3":{"start":{"line":4,"column":0},"end":{"line":4,"column":49}},"4":{"start":{"line":7,"column":7},"end":{"line":21,"column":null}},"5":{"start":{"line":9,"column":44},"end":{"line":9,"column":71}},"6":{"start":{"line":10,"column":21},"end":{"line":10,"column":32}},"7":{"start":{"line":14,"column":4},"end":{"line":19,"column":7}},"8":{"start":{"line":15,"column":6},"end":{"line":18,"column":8}},"9":{"start":{"line":7,"column":13},"end":{"line":7,"column":25}},"10":{"start":{"line":7,"column":13},"end":{"line":21,"column":null}}},"fnMap":{"0":{"name":"(anonymous_4)","decl":{"start":{"line":8,"column":2},"end":{"line":8,"column":null}},"loc":{"start":{"line":10,"column":41},"end":{"line":11,"column":6}}},"1":{"name":"(anonymous_5)","decl":{"start":{"line":13,"column":2},"end":{"line":13,"column":7}},"loc":{"start":{"line":13,"column":70},"end":{"line":20,"column":3}}},"2":{"name":"(anonymous_6)","decl":{"start":{"line":14,"column":38},"end":{"line":14,"column":43}},"loc":{"start":{"line":14,"column":51},"end":{"line":19,"column":5}}}},"branchMap":{},"s":{"0":2,"1":2,"2":2,"3":2,"4":2,"5":0,"6":0,"7":0,"8":0,"9":2,"10":2},"f":{"0":0,"1":0,"2":0},"b":{}}
,"C:\\Users\\usuario\\Downloads\\cmpc-libros-backend\\src\\auth\\auth.controller.ts": {"path":"C:\\Users\\usuario\\Downloads\\cmpc-libros-backend\\src\\auth\\auth.controller.ts","statementMap":{"0":{"start":{"line":1,"column":0},"end":{"line":1,"column":null}},"1":{"start":{"line":9,"column":0},"end":{"line":9,"column":45}},"2":{"start":{"line":10,"column":0},"end":{"line":10,"column":null}},"3":{"start":{"line":16,"column":0},"end":{"line":16,"column":42}},"4":{"start":{"line":20,"column":7},"end":{"line":42,"column":null}},"5":{"start":{"line":21,"column":31},"end":{"line":21,"column":44}},"6":{"start":{"line":34,"column":17},"end":{"line":34,"column":82}},"7":{"start":{"line":35,"column":4},"end":{"line":37,"column":5}},"8":{"start":{"line":36,"column":6},"end":{"line":36,"column":64}},"9":{"start":{"line":40,"column":4},"end":{"line":40,"column":40}},"10":{"start":{"line":20,"column":13},"end":{"line":20,"column":27}},"11":{"start":{"line":33,"column":8},"end":{"line":41,"column":null}},"12":{"start":{"line":20,"column":13},"end":{"line":42,"column":null}}},"fnMap":{"0":{"name":"(anonymous_4)","decl":{"start":{"line":21,"column":2},"end":{"line":21,"column":31}},"loc":{"start":{"line":21,"column":55},"end":{"line":21,"column":59}}},"1":{"name":"(anonymous_5)","decl":{"start":{"line":33,"column":8},"end":{"line":33,"column":13}},"loc":{"start":{"line":33,"column":66},"end":{"line":41,"column":3}}}},"branchMap":{"0":{"loc":{"start":{"line":35,"column":4},"end":{"line":37,"column":5}},"type":"if","locations":[{"start":{"line":35,"column":4},"end":{"line":37,"column":5}},{"start":{},"end":{}}]}},"s":{"0":0,"1":0,"2":0,"3":0,"4":0,"5":0,"6":0,"7":0,"8":0,"9":0,"10":0,"11":0,"12":0},"f":{"0":0,"1":0},"b":{"0":[0,0]}}
,"C:\\Users\\usuario\\Downloads\\cmpc-libros-backend\\src\\auth\\auth.module.ts": {"path":"C:\\Users\\usuario\\Downloads\\cmpc-libros-backend\\src\\auth\\auth.module.ts","statementMap":{"0":{"start":{"line":1,"column":0},"end":{"line":1,"column":40}},"1":{"start":{"line":2,"column":0},"end":{"line":2,"column":40}},"2":{"start":{"line":3,"column":0},"end":{"line":3,"column":50}},"3":{"start":{"line":4,"column":0},"end":{"line":4,"column":45}},"4":{"start":{"line":5,"column":0},"end":{"line":5,"column":51}},"5":{"start":{"line":6,"column":0},"end":{"line":6,"column":45}},"6":{"start":{"line":7,"column":0},"end":{"line":7,"column":61}},"7":{"start":{"line":25,"column":7},"end":{"line":25,"column":null}},"8":{"start":{"line":25,"column":13},"end":{"line":25,"column":23}},"9":{"start":{"line":25,"column":13},"end":{"line":25,"column":null}},"10":{"start":{"line":15,"column":59},"end":{"line":18,"column":8}}},"fnMap":{"0":{"name":"(anonymous_1)","decl":{"start":{"line":15,"column":18},"end":{"line":15,"column":23}},"loc":{"start":{"line":15,"column":59},"end":{"line":18,"column":8}}}},"branchMap":{},"s":{"0":0,"1":0,"2":0,"3":0,"4":0,"5":0,"6":0,"7":0,"8":0,"9":0,"10":0},"f":{"0":0},"b":{}}
,"C:\\Users\\usuario\\Downloads\\cmpc-libros-backend\\src\\auth\\auth.service.ts": {"path":"C:\\Users\\usuario\\Downloads\\cmpc-libros-backend\\src\\auth\\auth.service.ts","statementMap":{"0":{"start":{"line":1,"column":0},"end":{"line":1,"column":67}},"1":{"start":{"line":2,"column":0},"end":{"line":2,"column":41}},"2":{"start":{"line":3,"column":0},"end":{"line":3,"column":33}},"3":{"start":{"line":6,"column":7},"end":{"line":38,"column":null}},"4":{"start":{"line":7,"column":31},"end":{"line":7,"column":43}},"5":{"start":{"line":11,"column":21},"end":{"line":15,"column":6}},"6":{"start":{"line":17,"column":20},"end":{"line":17,"column":73}},"7":{"start":{"line":18,"column":4},"end":{"line":21,"column":5}},"8":{"start":{"line":19,"column":42},"end":{"line":19,"column":50}},"9":{"start":{"line":20,"column":6},"end":{"line":20,"column":20}},"10":{"start":{"line":23,"column":4},"end":{"line":23,"column":16}},"11":{"start":{"line":27,"column":20},"end":{"line":27,"column":61}},"12":{"start":{"line":28,"column":4},"end":{"line":30,"column":6}},"13":{"start":{"line":35,"column":4},"end":{"line":35,"column":57}},"14":{"start":{"line":35,"column":45},"end":{"line":35,"column":57}},"15":{"start":{"line":36,"column":4},"end":{"line":36,"column":59}},"16":{"start":{"line":6,"column":13},"end":{"line":6,"column":24}},"17":{"start":{"line":6,"column":13},"end":{"line":38,"column":null}}},"fnMap":{"0":{"name":"(anonymous_2)","decl":{"start":{"line":7,"column":2},"end":{"line":7,"column":31}},"loc":{"start":{"line":7,"column":53},"end":{"line":7,"column":57}}},"1":{"name":"(anonymous_3)","decl":{"start":{"line":10,"column":2},"end":{"line":10,"column":7}},"loc":{"start":{"line":10,"column":55},"end":{"line":24,"column":3}}},"2":{"name":"(anonymous_4)","decl":{"start":{"line":26,"column":2},"end":{"line":26,"column":7}},"loc":{"start":{"line":26,"column":23},"end":{"line":31,"column":3}}},"3":{"name":"(anonymous_5)","decl":{"start":{"line":33,"column":2},"end":{"line":33,"column":7}},"loc":{"start":{"line":33,"column":39},"end":{"line":37,"column":3}}}},"branchMap":{"0":{"loc":{"start":{"line":18,"column":4},"end":{"line":21,"column":5}},"type":"if","locations":[{"start":{"line":18,"column":4},"end":{"line":21,"column":5}},{"start":{},"end":{}}]},"1":{"loc":{"start":{"line":18,"column":8},"end":{"line":18,"column":49}},"type":"binary-expr","locations":[{"start":{"line":18,"column":8},"end":{"line":18,"column":38}},{"start":{"line":18,"column":42},"end":{"line":18,"column":49}}]},"2":{"loc":{"start":{"line":35,"column":4},"end":{"line":35,"column":57}},"type":"if","locations":[{"start":{"line":35,"column":4},"end":{"line":35,"column":57}},{"start":{},"end":{}}]},"3":{"loc":{"start":{"line":35,"column":8},"end":{"line":35,"column":43}},"type":"binary-expr","locations":[{"start":{"line":35,"column":8},"end":{"line":35,"column":21}},{"start":{"line":35,"column":25},"end":{"line":35,"column":43}}]}},"s":{"0":0,"1":0,"2":0,"3":0,"4":0,"5":0,"6":0,"7":0,"8":0,"9":0,"10":0,"11":0,"12":0,"13":0,"14":0,"15":0,"16":0,"17":0},"f":{"0":0,"1":0,"2":0,"3":0},"b":{"0":[0,0],"1":[0,0],"2":[0,0],"3":[0,0]}}
,"C:\\Users\\usuario\\Downloads\\cmpc-libros-backend\\src\\auth\\jwt.strategy.ts": {"path":"C:\\Users\\usuario\\Downloads\\cmpc-libros-backend\\src\\auth\\jwt.strategy.ts","statementMap":{"0":{"start":{"line":1,"column":0},"end":{"line":1,"column":67}},"1":{"start":{"line":2,"column":0},"end":{"line":2,"column":52}},"2":{"start":{"line":3,"column":0},"end":{"line":3,"column":52}},"3":{"start":{"line":4,"column":0},"end":{"line":4,"column":45}},"4":{"start":{"line":5,"column":0},"end":{"line":5,"column":47}},"5":{"start":{"line":8,"column":7},"end":{"line":31,"column":null}},"6":{"start":{"line":13,"column":4},"end":{"line":17,"column":7}},"7":{"start":{"line":10,"column":21},"end":{"line":10,"column":34}},"8":{"start":{"line":11,"column":21},"end":{"line":11,"column":36}},"9":{"start":{"line":22,"column":17},"end":{"line":22,"column":67}},"10":{"start":{"line":24,"column":4},"end":{"line":26,"column":5}},"11":{"start":{"line":25,"column":6},"end":{"line":25,"column":80}},"12":{"start":{"line":29,"column":4},"end":{"line":29,"column":16}},"13":{"start":{"line":8,"column":13},"end":{"line":8,"column":24}},"14":{"start":{"line":8,"column":13},"end":{"line":31,"column":null}}},"fnMap":{"0":{"name":"(anonymous_2)","decl":{"start":{"line":9,"column":2},"end":{"line":9,"column":null}},"loc":{"start":{"line":11,"column":49},"end":{"line":18,"column":3}}},"1":{"name":"(anonymous_3)","decl":{"start":{"line":20,"column":2},"end":{"line":20,"column":7}},"loc":{"start":{"line":20,"column":29},"end":{"line":30,"column":3}}}},"branchMap":{"0":{"loc":{"start":{"line":24,"column":4},"end":{"line":26,"column":5}},"type":"if","locations":[{"start":{"line":24,"column":4},"end":{"line":26,"column":5}},{"start":{},"end":{}}]}},"s":{"0":0,"1":0,"2":0,"3":0,"4":0,"5":0,"6":0,"7":0,"8":0,"9":0,"10":0,"11":0,"12":0,"13":0,"14":0},"f":{"0":0,"1":0},"b":{"0":[0,0]}}
,"C:\\Users\\usuario\\Downloads\\cmpc-libros-backend\\src\\auth\\dto\\auth.dto.ts": {"path":"C:\\Users\\usuario\\Downloads\\cmpc-libros-backend\\src\\auth\\dto\\auth.dto.ts","statementMap":{"0":{"start":{"line":1,"column":0},"end":{"line":1,"column":55}},"1":{"start":{"line":2,"column":0},"end":{"line":2,"column":46}},"2":{"start":{"line":4,"column":0},"end":{"line":4,"column":13}},"3":{"start":{"line":8,"column":2},"end":{"line":8,"column":null}},"4":{"start":{"line":13,"column":2},"end":{"line":13,"column":null}}},"fnMap":{},"branchMap":{},"s":{"0":0,"1":0,"2":0,"3":0,"4":0},"f":{},"b":{}}
,"C:\\Users\\usuario\\Downloads\\cmpc-libros-backend\\src\\auth\\dto\\register.dto.ts": {"path":"C:\\Users\\usuario\\Downloads\\cmpc-libros-backend\\src\\auth\\dto\\register.dto.ts","statementMap":{"0":{"start":{"line":1,"column":0},"end":{"line":1,"column":87}},"1":{"start":{"line":2,"column":0},"end":{"line":2,"column":67}},"2":{"start":{"line":4,"column":0},"end":{"line":4,"column":13}},"3":{"start":{"line":8,"column":2},"end":{"line":8,"column":null}},"4":{"start":{"line":13,"column":2},"end":{"line":13,"column":null}},"5":{"start":{"line":18,"column":2},"end":{"line":18,"column":null}},"6":{"start":{"line":23,"column":2},"end":{"line":23,"column":null}}},"fnMap":{},"branchMap":{},"s":{"0":0,"1":0,"2":0,"3":0,"4":0,"5":0,"6":0},"f":{},"b":{}}
,"C:\\Users\\usuario\\Downloads\\cmpc-libros-backend\\src\\authors\\authors.controller.ts": {"path":"C:\\Users\\usuario\\Downloads\\cmpc-libros-backend\\src\\authors\\authors.controller.ts","statementMap":{"0":{"start":{"line":1,"column":0},"end":{"line":1,"column":null}},"1":{"start":{"line":14,"column":0},"end":{"line":14,"column":51}},"2":{"start":{"line":16,"column":0},"end":{"line":16,"column":13}},"3":{"start":{"line":22,"column":0},"end":{"line":22,"column":13}},"4":{"start":{"line":29,"column":7},"end":{"line":68,"column":null}},"5":{"start":{"line":30,"column":31},"end":{"line":30,"column":47}},"6":{"start":{"line":36,"column":4},"end":{"line":36,"column":55}},"7":{"start":{"line":45,"column":20},"end":{"line":45,"column":43}},"8":{"start":{"line":46,"column":21},"end":{"line":46,"column":61}},"9":{"start":{"line":47,"column":4},"end":{"line":47,"column":83}},"10":{"start":{"line":52,"column":4},"end":{"line":52,"column":43}},"11":{"start":{"line":60,"column":4},"end":{"line":60,"column":59}},"12":{"start":{"line":66,"column":4},"end":{"line":66,"column":42}},"13":{"start":{"line":29,"column":13},"end":{"line":29,"column":30}},"14":{"start":{"line":34,"column":2},"end":{"line":37,"column":null}},"15":{"start":{"line":40,"column":2},"end":{"line":48,"column":null}},"16":{"start":{"line":51,"column":2},"end":{"line":53,"column":null}},"17":{"start":{"line":56,"column":2},"end":{"line":61,"column":null}},"18":{"start":{"line":65,"column":2},"end":{"line":67,"column":null}},"19":{"start":{"line":29,"column":13},"end":{"line":68,"column":null}}},"fnMap":{"0":{"name":"(anonymous_4)","decl":{"start":{"line":30,"column":2},"end":{"line":30,"column":31}},"loc":{"start":{"line":30,"column":61},"end":{"line":30,"column":65}}},"1":{"name":"(anonymous_5)","decl":{"start":{"line":34,"column":2},"end":{"line":34,"column":8}},"loc":{"start":{"line":34,"column":49},"end":{"line":37,"column":3}}},"2":{"name":"(anonymous_6)","decl":{"start":{"line":40,"column":2},"end":{"line":40,"column":9}},"loc":{"start":{"line":43,"column":36},"end":{"line":48,"column":3}}},"3":{"name":"(anonymous_7)","decl":{"start":{"line":51,"column":2},"end":{"line":51,"column":9}},"loc":{"start":{"line":51,"column":47},"end":{"line":53,"column":3}}},"4":{"name":"(anonymous_8)","decl":{"start":{"line":56,"column":2},"end":{"line":56,"column":8}},"loc":{"start":{"line":58,"column":44},"end":{"line":61,"column":3}}},"5":{"name":"(anonymous_9)","decl":{"start":{"line":65,"column":2},"end":{"line":65,"column":8}},"loc":{"start":{"line":65,"column":46},"end":{"line":67,"column":3}}}},"branchMap":{"0":{"loc":{"start":{"line":41,"column":19},"end":{"line":41,"column":29}},"type":"default-arg","locations":[{"start":{"line":41,"column":26},"end":{"line":41,"column":29}}]},"1":{"loc":{"start":{"line":42,"column":20},"end":{"line":42,"column":32}},"type":"default-arg","locations":[{"start":{"line":42,"column":28},"end":{"line":42,"column":32}}]},"2":{"loc":{"start":{"line":45,"column":20},"end":{"line":45,"column":43}},"type":"binary-expr","locations":[{"start":{"line":45,"column":20},"end":{"line":45,"column":38}},{"start":{"line":45,"column":42},"end":{"line":45,"column":43}}]},"3":{"loc":{"start":{"line":46,"column":30},"end":{"line":46,"column":55}},"type":"binary-expr","locations":[{"start":{"line":46,"column":30},"end":{"line":46,"column":49}},{"start":{"line":46,"column":53},"end":{"line":46,"column":55}}]}},"s":{"0":0,"1":0,"2":0,"3":0,"4":0,"5":0,"6":0,"7":0,"8":0,"9":0,"10":0,"11":0,"12":0,"13":0,"14":0,"15":0,"16":0,"17":0,"18":0,"19":0},"f":{"0":0,"1":0,"2":0,"3":0,"4":0,"5":0},"b":{"0":[0],"1":[0],"2":[0,0],"3":[0,0]}}
,"C:\\Users\\usuario\\Downloads\\cmpc-libros-backend\\src\\authors\\authors.module.ts": {"path":"C:\\Users\\usuario\\Downloads\\cmpc-libros-backend\\src\\authors\\authors.module.ts","statementMap":{"0":{"start":{"line":1,"column":0},"end":{"line":1,"column":40}},"1":{"start":{"line":2,"column":0},"end":{"line":2,"column":52}},"2":{"start":{"line":3,"column":0},"end":{"line":3,"column":55}},"3":{"start":{"line":4,"column":0},"end":{"line":4,"column":51}},"4":{"start":{"line":5,"column":0},"end":{"line":5,"column":57}},"5":{"start":{"line":13,"column":7},"end":{"line":13,"column":null}},"6":{"start":{"line":13,"column":13},"end":{"line":13,"column":26}},"7":{"start":{"line":13,"column":13},"end":{"line":13,"column":null}}},"fnMap":{},"branchMap":{},"s":{"0":0,"1":0,"2":0,"3":0,"4":0,"5":0,"6":0,"7":0},"f":{},"b":{}}
,"C:\\Users\\usuario\\Downloads\\cmpc-libros-backend\\src\\authors\\authors.service.ts": {"path":"C:\\Users\\usuario\\Downloads\\cmpc-libros-backend\\src\\authors\\authors.service.ts","statementMap":{"0":{"start":{"line":1,"column":0},"end":{"line":1,"column":63}},"1":{"start":{"line":2,"column":0},"end":{"line":2,"column":48}},"2":{"start":{"line":3,"column":0},"end":{"line":3,"column":49}},"3":{"start":{"line":4,"column":0},"end":{"line":4,"column":31}},"4":{"start":{"line":5,"column":0},"end":{"line":5,"column":55}},"5":{"start":{"line":8,"column":7},"end":{"line":72,"column":null}},"6":{"start":{"line":11,"column":21},"end":{"line":11,"column":47}},"7":{"start":{"line":12,"column":21},"end":{"line":12,"column":32}},"8":{"start":{"line":17,"column":4},"end":{"line":21,"column":7}},"9":{"start":{"line":18,"column":21},"end":{"line":18,"column":87}},"10":{"start":{"line":20,"column":6},"end":{"line":20,"column":20}},"11":{"start":{"line":25,"column":23},"end":{"line":25,"column":25}},"12":{"start":{"line":26,"column":4},"end":{"line":31,"column":5}},"13":{"start":{"line":27,"column":6},"end":{"line":30,"column":8}},"14":{"start":{"line":32,"column":18},"end":{"line":32,"column":42}},"15":{"start":{"line":33,"column":19},"end":{"line":33,"column":57}},"16":{"start":{"line":34,"column":4},"end":{"line":34,"column":102}},"17":{"start":{"line":38,"column":19},"end":{"line":38,"column":54}},"18":{"start":{"line":39,"column":4},"end":{"line":39,"column":47}},"19":{"start":{"line":39,"column":17},"end":{"line":39,"column":47}},"20":{"start":{"line":40,"column":4},"end":{"line":40,"column":18}},"21":{"start":{"line":44,"column":4},"end":{"line":50,"column":7}},"22":{"start":{"line":45,"column":21},"end":{"line":45,"column":77}},"23":{"start":{"line":46,"column":6},"end":{"line":46,"column":49}},"24":{"start":{"line":46,"column":19},"end":{"line":46,"column":49}},"25":{"start":{"line":47,"column":6},"end":{"line":47,"column":59}},"26":{"start":{"line":49,"column":6},"end":{"line":49,"column":20}},"27":{"start":{"line":54,"column":4},"end":{"line":60,"column":7}},"28":{"start":{"line":55,"column":21},"end":{"line":55,"column":77}},"29":{"start":{"line":56,"column":6},"end":{"line":56,"column":49}},"30":{"start":{"line":56,"column":19},"end":{"line":56,"column":49}},"31":{"start":{"line":57,"column":6},"end":{"line":57,"column":48}},"32":{"start":{"line":59,"column":6},"end":{"line":59,"column":31}},"33":{"start":{"line":64,"column":4},"end":{"line":70,"column":7}},"34":{"start":{"line":65,"column":21},"end":{"line":65,"column":104}},"35":{"start":{"line":66,"column":6},"end":{"line":66,"column":49}},"36":{"start":{"line":66,"column":19},"end":{"line":66,"column":49}},"37":{"start":{"line":67,"column":6},"end":{"line":67,"column":48}},"38":{"start":{"line":69,"column":6},"end":{"line":69,"column":20}},"39":{"start":{"line":8,"column":13},"end":{"line":8,"column":27}},"40":{"start":{"line":8,"column":13},"end":{"line":72,"column":null}}},"fnMap":{"0":{"name":"(anonymous_4)","decl":{"start":{"line":9,"column":2},"end":{"line":9,"column":null}},"loc":{"start":{"line":12,"column":41},"end":{"line":14,"column":6}}},"1":{"name":"(anonymous_5)","decl":{"start":{"line":16,"column":2},"end":{"line":16,"column":7}},"loc":{"start":{"line":16,"column":44},"end":{"line":22,"column":3}}},"2":{"name":"(anonymous_6)","decl":{"start":{"line":17,"column":38},"end":{"line":17,"column":43}},"loc":{"start":{"line":17,"column":51},"end":{"line":21,"column":5}}},"3":{"name":"(anonymous_7)","decl":{"start":{"line":24,"column":2},"end":{"line":24,"column":7}},"loc":{"start":{"line":24,"column":69},"end":{"line":35,"column":3}}},"4":{"name":"(anonymous_8)","decl":{"start":{"line":37,"column":2},"end":{"line":37,"column":7}},"loc":{"start":{"line":37,"column":26},"end":{"line":41,"column":3}}},"5":{"name":"(anonymous_9)","decl":{"start":{"line":43,"column":2},"end":{"line":43,"column":7}},"loc":{"start":{"line":43,"column":52},"end":{"line":51,"column":3}}},"6":{"name":"(anonymous_10)","decl":{"start":{"line":44,"column":38},"end":{"line":44,"column":43}},"loc":{"start":{"line":44,"column":51},"end":{"line":50,"column":5}}},"7":{"name":"(anonymous_11)","decl":{"start":{"line":53,"column":2},"end":{"line":53,"column":7}},"loc":{"start":{"line":53,"column":42},"end":{"line":61,"column":3}}},"8":{"name":"(anonymous_12)","decl":{"start":{"line":54,"column":38},"end":{"line":54,"column":43}},"loc":{"start":{"line":54,"column":51},"end":{"line":60,"column":5}}},"9":{"name":"(anonymous_13)","decl":{"start":{"line":63,"column":2},"end":{"line":63,"column":7}},"loc":{"start":{"line":63,"column":43},"end":{"line":71,"column":3}}},"10":{"name":"(anonymous_14)","decl":{"start":{"line":64,"column":38},"end":{"line":64,"column":43}},"loc":{"start":{"line":64,"column":51},"end":{"line":70,"column":5}}}},"branchMap":{"0":{"loc":{"start":{"line":24,"column":16},"end":{"line":24,"column":69}},"type":"default-arg","locations":[{"start":{"line":24,"column":28},"end":{"line":24,"column":69}}]},"1":{"loc":{"start":{"line":26,"column":4},"end":{"line":31,"column":5}},"type":"if","locations":[{"start":{"line":26,"column":4},"end":{"line":31,"column":5}},{"start":{},"end":{}}]},"2":{"loc":{"start":{"line":32,"column":18},"end":{"line":32,"column":42}},"type":"binary-expr","locations":[{"start":{"line":32,"column":18},"end":{"line":32,"column":36}},{"start":{"line":32,"column":40},"end":{"line":32,"column":42}}]},"3":{"loc":{"start":{"line":33,"column":21},"end":{"line":33,"column":43}},"type":"binary-expr","locations":[{"start":{"line":33,"column":21},"end":{"line":33,"column":38}},{"start":{"line":33,"column":42},"end":{"line":33,"column":43}}]},"4":{"loc":{"start":{"line":39,"column":4},"end":{"line":39,"column":47}},"type":"if","locations":[{"start":{"line":39,"column":4},"end":{"line":39,"column":47}},{"start":{},"end":{}}]},"5":{"loc":{"start":{"line":46,"column":6},"end":{"line":46,"column":49}},"type":"if","locations":[{"start":{"line":46,"column":6},"end":{"line":46,"column":49}},{"start":{},"end":{}}]},"6":{"loc":{"start":{"line":56,"column":6},"end":{"line":56,"column":49}},"type":"if","locations":[{"start":{"line":56,"column":6},"end":{"line":56,"column":49}},{"start":{},"end":{}}]},"7":{"loc":{"start":{"line":66,"column":6},"end":{"line":66,"column":49}},"type":"if","locations":[{"start":{"line":66,"column":6},"end":{"line":66,"column":49}},{"start":{},"end":{}}]}},"s":{"0":0,"1":0,"2":0,"3":0,"4":0,"5":0,"6":0,"7":0,"8":0,"9":0,"10":0,"11":0,"12":0,"13":0,"14":0,"15":0,"16":0,"17":0,"18":0,"19":0,"20":0,"21":0,"22":0,"23":0,"24":0,"25":0,"26":0,"27":0,"28":0,"29":0,"30":0,"31":0,"32":0,"33":0,"34":0,"35":0,"36":0,"37":0,"38":0,"39":0,"40":0},"f":{"0":0,"1":0,"2":0,"3":0,"4":0,"5":0,"6":0,"7":0,"8":0,"9":0,"10":0},"b":{"0":[0],"1":[0,0],"2":[0,0],"3":[0,0],"4":[0,0],"5":[0,0],"6":[0,0],"7":[0,0]}}
,"C:\\Users\\usuario\\Downloads\\cmpc-libros-backend\\src\\books\\books.controller.ts": {"path":"C:\\Users\\usuario\\Downloads\\cmpc-libros-backend\\src\\books\\books.controller.ts","statementMap":{"0":{"start":{"line":1,"column":0},"end":{"line":1,"column":null}},"1":{"start":{"line":22,"column":0},"end":{"line":22,"column":47}},"2":{"start":{"line":29,"column":0},"end":{"line":29,"column":63}},"3":{"start":{"line":30,"column":0},"end":{"line":30,"column":48}},"4":{"start":{"line":31,"column":0},"end":{"line":31,"column":82}},"5":{"start":{"line":33,"column":0},"end":{"line":33,"column":37}},"6":{"start":{"line":34,"column":0},"end":{"line":34,"column":25}},"7":{"start":{"line":35,"column":0},"end":{"line":35,"column":37}},"8":{"start":{"line":38,"column":15},"end":{"line":38,"column":44}},"9":{"start":{"line":41,"column":7},"end":{"line":275,"column":null}},"10":{"start":{"line":42,"column":31},"end":{"line":42,"column":45}},"11":{"start":{"line":90,"column":4},"end":{"line":155,"column":5}},"12":{"start":{"line":92,"column":6},"end":{"line":92,"column":71}},"13":{"start":{"line":93,"column":6},"end":{"line":93,"column":57}},"14":{"start":{"line":94,"column":6},"end":{"line":94,"column":78}},"15":{"start":{"line":95,"column":6},"end":{"line":117,"column":8}},"16":{"start":{"line":120,"column":19},"end":{"line":120,"column":64}},"17":{"start":{"line":123,"column":22},"end":{"line":123,"column":66}},"18":{"start":{"line":124,"column":21},"end":{"line":124,"column":63}},"19":{"start":{"line":125,"column":25},"end":{"line":125,"column":75}},"20":{"start":{"line":127,"column":22},"end":{"line":127,"column":42}},"21":{"start":{"line":129,"column":36},"end":{"line":129,"column":40}},"22":{"start":{"line":130,"column":6},"end":{"line":134,"column":7}},"23":{"start":{"line":131,"column":8},"end":{"line":131,"column":53}},"24":{"start":{"line":133,"column":8},"end":{"line":133,"column":61}},"25":{"start":{"line":136,"column":6},"end":{"line":145,"column":8}},"26":{"start":{"line":147,"column":6},"end":{"line":147,"column":70}},"27":{"start":{"line":148,"column":6},"end":{"line":151,"column":10}},"28":{"start":{"line":149,"column":8},"end":{"line":151,"column":10}},"29":{"start":{"line":152,"column":6},"end":{"line":154,"column":8}},"30":{"start":{"line":170,"column":48},"end":{"line":170,"column":57}},"31":{"start":{"line":171,"column":4},"end":{"line":176,"column":5}},"32":{"start":{"line":172,"column":6},"end":{"line":175,"column":80}},"33":{"start":{"line":172,"column":35},"end":{"line":172,"column":59}},"34":{"start":{"line":173,"column":11},"end":{"line":175,"column":80}},"35":{"start":{"line":173,"column":41},"end":{"line":173,"column":66}},"36":{"start":{"line":175,"column":8},"end":{"line":175,"column":80}},"37":{"start":{"line":179,"column":22},"end":{"line":215,"column":5}},"38":{"start":{"line":180,"column":6},"end":{"line":180,"column":37}},"39":{"start":{"line":180,"column":27},"end":{"line":180,"column":37}},"40":{"start":{"line":181,"column":20},"end":{"line":184,"column":24}},"41":{"start":{"line":183,"column":20},"end":{"line":183,"column":28}},"42":{"start":{"line":187,"column":28},"end":{"line":196,"column":8}},"43":{"start":{"line":198,"column":33},"end":{"line":212,"column":8}},"44":{"start":{"line":199,"column":35},"end":{"line":199,"column":71}},"45":{"start":{"line":199,"column":62},"end":{"line":199,"column":70}},"46":{"start":{"line":200,"column":22},"end":{"line":200,"column":30}},"47":{"start":{"line":201,"column":20},"end":{"line":201,"column":51}},"48":{"start":{"line":203,"column":8},"end":{"line":205,"column":9}},"49":{"start":{"line":204,"column":10},"end":{"line":204,"column":80}},"50":{"start":{"line":206,"column":8},"end":{"line":210,"column":9}},"51":{"start":{"line":207,"column":10},"end":{"line":209,"column":12}},"52":{"start":{"line":211,"column":8},"end":{"line":211,"column":53}},"53":{"start":{"line":214,"column":6},"end":{"line":214,"column":20}},"54":{"start":{"line":217,"column":23},"end":{"line":217,"column":38}},"55":{"start":{"line":220,"column":17},"end":{"line":229,"column":6}},"56":{"start":{"line":231,"column":4},"end":{"line":231,"column":43}},"57":{"start":{"line":236,"column":4},"end":{"line":236,"column":46}},"58":{"start":{"line":237,"column":4},"end":{"line":237,"column":77}},"59":{"start":{"line":238,"column":19},"end":{"line":238,"column":71}},"60":{"start":{"line":239,"column":4},"end":{"line":239,"column":21}},"61":{"start":{"line":244,"column":4},"end":{"line":244,"column":41}},"62":{"start":{"line":250,"column":4},"end":{"line":250,"column":60}},"63":{"start":{"line":251,"column":20},"end":{"line":251,"column":40}},"64":{"start":{"line":252,"column":20},"end":{"line":252,"column":64}},"65":{"start":{"line":253,"column":19},"end":{"line":253,"column":61}},"66":{"start":{"line":254,"column":23},"end":{"line":254,"column":73}},"67":{"start":{"line":255,"column":4},"end":{"line":259,"column":6}},"68":{"start":{"line":265,"column":20},"end":{"line":265,"column":40}},"69":{"start":{"line":266,"column":4},"end":{"line":266,"column":48}},"70":{"start":{"line":272,"column":20},"end":{"line":272,"column":40}},"71":{"start":{"line":273,"column":4},"end":{"line":273,"column":49}},"72":{"start":{"line":41,"column":13},"end":{"line":41,"column":28}},"73":{"start":{"line":84,"column":8},"end":{"line":156,"column":null}},"74":{"start":{"line":54,"column":12},"end":{"line":65,"column":13}},"75":{"start":{"line":55,"column":33},"end":{"line":55,"column":72}},"76":{"start":{"line":56,"column":14},"end":{"line":57,"column":62}},"77":{"start":{"line":57,"column":16},"end":{"line":57,"column":62}},"78":{"start":{"line":58,"column":14},"end":{"line":58,"column":35}},"79":{"start":{"line":60,"column":14},"end":{"line":63,"column":16}},"80":{"start":{"line":64,"column":14},"end":{"line":64,"column":40}},"81":{"start":{"line":69,"column":14},"end":{"line":69,"column":64}},"82":{"start":{"line":70,"column":28},"end":{"line":70,"column":60}},"83":{"start":{"line":71,"column":12},"end":{"line":71,"column":50}},"84":{"start":{"line":78,"column":10},"end":{"line":79,"column":31}},"85":{"start":{"line":78,"column":64},"end":{"line":78,"column":79}},"86":{"start":{"line":79,"column":15},"end":{"line":79,"column":31}},"87":{"start":{"line":159,"column":2},"end":{"line":232,"column":null}},"88":{"start":{"line":235,"column":8},"end":{"line":240,"column":null}},"89":{"start":{"line":243,"column":2},"end":{"line":245,"column":null}},"90":{"start":{"line":249,"column":2},"end":{"line":260,"column":null}},"91":{"start":{"line":264,"column":2},"end":{"line":267,"column":null}},"92":{"start":{"line":271,"column":2},"end":{"line":274,"column":null}},"93":{"start":{"line":41,"column":13},"end":{"line":275,"column":null}}},"fnMap":{"0":{"name":"(anonymous_4)","decl":{"start":{"line":42,"column":2},"end":{"line":42,"column":31}},"loc":{"start":{"line":42,"column":57},"end":{"line":42,"column":61}}},"1":{"name":"(anonymous_5)","decl":{"start":{"line":84,"column":8},"end":{"line":84,"column":14}},"loc":{"start":{"line":88,"column":23},"end":{"line":156,"column":3}}},"2":{"name":"(anonymous_7)","decl":{"start":{"line":179,"column":22},"end":{"line":179,"column":23}},"loc":{"start":{"line":179,"column":49},"end":{"line":215,"column":5}}},"3":{"name":"(anonymous_8)","decl":{"start":{"line":183,"column":13},"end":{"line":183,"column":14}},"loc":{"start":{"line":183,"column":20},"end":{"line":183,"column":28}}},"4":{"name":"(anonymous_9)","decl":{"start":{"line":198,"column":43},"end":{"line":198,"column":44}},"loc":{"start":{"line":198,"column":52},"end":{"line":212,"column":7}}},"5":{"name":"(anonymous_10)","decl":{"start":{"line":199,"column":55},"end":{"line":199,"column":56}},"loc":{"start":{"line":199,"column":62},"end":{"line":199,"column":70}}},"6":{"name":"(anonymous_11)","decl":{"start":{"line":235,"column":8},"end":{"line":235,"column":17}},"loc":{"start":{"line":235,"column":70},"end":{"line":240,"column":3}}},"7":{"name":"(anonymous_12)","decl":{"start":{"line":243,"column":2},"end":{"line":243,"column":9}},"loc":{"start":{"line":243,"column":33},"end":{"line":245,"column":3}}},"8":{"name":"(anonymous_13)","decl":{"start":{"line":249,"column":2},"end":{"line":249,"column":8}},"loc":{"start":{"line":249,"column":72},"end":{"line":260,"column":3}}},"9":{"name":"(anonymous_14)","decl":{"start":{"line":264,"column":2},"end":{"line":264,"column":8}},"loc":{"start":{"line":264,"column":53},"end":{"line":267,"column":3}}},"10":{"name":"(anonymous_15)","decl":{"start":{"line":271,"column":2},"end":{"line":271,"column":9}},"loc":{"start":{"line":271,"column":54},"end":{"line":274,"column":3}}},"11":{"name":"(anonymous_16)","decl":{"start":{"line":53,"column":23},"end":{"line":53,"column":24}},"loc":{"start":{"line":53,"column":41},"end":{"line":66,"column":11}}},"12":{"name":"(anonymous_17)","decl":{"start":{"line":67,"column":20},"end":{"line":67,"column":21}},"loc":{"start":{"line":67,"column":38},"end":{"line":72,"column":11}}},"13":{"name":"(anonymous_18)","decl":{"start":{"line":76,"column":20},"end":{"line":76,"column":21}},"loc":{"start":{"line":76,"column":38},"end":{"line":80,"column":9}}}},"branchMap":{"0":{"loc":{"start":{"line":94,"column":63},"end":{"line":94,"column":74}},"type":"binary-expr","locations":[{"start":{"line":94,"column":63},"end":{"line":94,"column":68}},{"start":{"line":94,"column":72},"end":{"line":94,"column":74}}]},"1":{"loc":{"start":{"line":99,"column":19},"end":{"line":105,"column":20}},"type":"cond-expr","locations":[{"start":{"line":100,"column":16},"end":{"line":104,"column":null}},{"start":{"line":105,"column":16},"end":{"line":105,"column":20}}]},"2":{"loc":{"start":{"line":106,"column":18},"end":{"line":112,"column":20}},"type":"cond-expr","locations":[{"start":{"line":107,"column":16},"end":{"line":111,"column":null}},{"start":{"line":112,"column":16},"end":{"line":112,"column":20}}]},"3":{"loc":{"start":{"line":120,"column":19},"end":{"line":120,"column":64}},"type":"binary-expr","locations":[{"start":{"line":120,"column":19},"end":{"line":120,"column":36}},{"start":{"line":120,"column":40},"end":{"line":120,"column":56}},{"start":{"line":120,"column":60},"end":{"line":120,"column":64}}]},"4":{"loc":{"start":{"line":123,"column":22},"end":{"line":123,"column":66}},"type":"cond-expr","locations":[{"start":{"line":123,"column":37},"end":{"line":123,"column":61}},{"start":{"line":123,"column":64},"end":{"line":123,"column":66}}]},"5":{"loc":{"start":{"line":124,"column":21},"end":{"line":124,"column":63}},"type":"cond-expr","locations":[{"start":{"line":124,"column":35},"end":{"line":124,"column":58}},{"start":{"line":124,"column":61},"end":{"line":124,"column":63}}]},"6":{"loc":{"start":{"line":125,"column":25},"end":{"line":125,"column":75}},"type":"cond-expr","locations":[{"start":{"line":125,"column":43},"end":{"line":125,"column":70}},{"start":{"line":125,"column":73},"end":{"line":125,"column":75}}]},"7":{"loc":{"start":{"line":130,"column":6},"end":{"line":134,"column":7}},"type":"if","locations":[{"start":{"line":130,"column":6},"end":{"line":134,"column":7}},{"start":{"line":132,"column":13},"end":{"line":134,"column":7}}]},"8":{"loc":{"start":{"line":147,"column":49},"end":{"line":147,"column":68}},"type":"binary-expr","locations":[{"start":{"line":147,"column":49},"end":{"line":147,"column":61}},{"start":{"line":147,"column":65},"end":{"line":147,"column":68}}]},"9":{"loc":{"start":{"line":148,"column":6},"end":{"line":151,"column":10}},"type":"if","locations":[{"start":{"line":148,"column":6},"end":{"line":151,"column":10}},{"start":{},"end":{}}]},"10":{"loc":{"start":{"line":153,"column":8},"end":{"line":153,"column":45}},"type":"binary-expr","locations":[{"start":{"line":153,"column":8},"end":{"line":153,"column":20}},{"start":{"line":153,"column":24},"end":{"line":153,"column":45}}]},"11":{"loc":{"start":{"line":171,"column":4},"end":{"line":176,"column":5}},"type":"if","locations":[{"start":{"line":171,"column":4},"end":{"line":176,"column":5}},{"start":{},"end":{}}]},"12":{"loc":{"start":{"line":172,"column":6},"end":{"line":175,"column":80}},"type":"if","locations":[{"start":{"line":172,"column":6},"end":{"line":175,"column":80}},{"start":{"line":173,"column":11},"end":{"line":175,"column":80}}]},"13":{"loc":{"start":{"line":173,"column":11},"end":{"line":175,"column":80}},"type":"if","locations":[{"start":{"line":173,"column":11},"end":{"line":175,"column":80}},{"start":{"line":175,"column":8},"end":{"line":175,"column":80}}]},"14":{"loc":{"start":{"line":180,"column":6},"end":{"line":180,"column":37}},"type":"if","locations":[{"start":{"line":180,"column":6},"end":{"line":180,"column":37}},{"start":{},"end":{}}]},"15":{"loc":{"start":{"line":180,"column":10},"end":{"line":180,"column":25}},"type":"binary-expr","locations":[{"start":{"line":180,"column":10},"end":{"line":180,"column":12}},{"start":{"line":180,"column":16},"end":{"line":180,"column":25}}]},"16":{"loc":{"start":{"line":201,"column":21},"end":{"line":201,"column":36}},"type":"binary-expr","locations":[{"start":{"line":201,"column":21},"end":{"line":201,"column":27}},{"start":{"line":201,"column":31},"end":{"line":201,"column":36}}]},"17":{"loc":{"start":{"line":203,"column":8},"end":{"line":205,"column":9}},"type":"if","locations":[{"start":{"line":203,"column":8},"end":{"line":205,"column":9}},{"start":{},"end":{}}]},"18":{"loc":{"start":{"line":206,"column":8},"end":{"line":210,"column":9}},"type":"if","locations":[{"start":{"line":206,"column":8},"end":{"line":210,"column":9}},{"start":{},"end":{}}]},"19":{"loc":{"start":{"line":206,"column":12},"end":{"line":206,"column":43}},"type":"binary-expr","locations":[{"start":{"line":206,"column":12},"end":{"line":206,"column":25}},{"start":{"line":206,"column":29},"end":{"line":206,"column":43}}]},"20":{"loc":{"start":{"line":252,"column":20},"end":{"line":252,"column":64}},"type":"cond-expr","locations":[{"start":{"line":252,"column":35},"end":{"line":252,"column":59}},{"start":{"line":252,"column":62},"end":{"line":252,"column":64}}]},"21":{"loc":{"start":{"line":253,"column":19},"end":{"line":253,"column":61}},"type":"cond-expr","locations":[{"start":{"line":253,"column":33},"end":{"line":253,"column":56}},{"start":{"line":253,"column":59},"end":{"line":253,"column":61}}]},"22":{"loc":{"start":{"line":254,"column":23},"end":{"line":254,"column":73}},"type":"cond-expr","locations":[{"start":{"line":254,"column":41},"end":{"line":254,"column":68}},{"start":{"line":254,"column":71},"end":{"line":254,"column":73}}]},"23":{"loc":{"start":{"line":56,"column":14},"end":{"line":57,"column":62}},"type":"if","locations":[{"start":{"line":56,"column":14},"end":{"line":57,"column":62}},{"start":{},"end":{}}]},"24":{"loc":{"start":{"line":70,"column":28},"end":{"line":70,"column":60}},"type":"binary-expr","locations":[{"start":{"line":70,"column":28},"end":{"line":70,"column":54}},{"start":{"line":70,"column":58},"end":{"line":70,"column":60}}]},"25":{"loc":{"start":{"line":78,"column":10},"end":{"line":79,"column":31}},"type":"if","locations":[{"start":{"line":78,"column":10},"end":{"line":79,"column":31}},{"start":{"line":79,"column":15},"end":{"line":79,"column":31}}]}},"s":{"0":1,"1":1,"2":1,"3":1,"4":1,"5":1,"6":1,"7":1,"8":1,"9":1,"10":1,"11":1,"12":1,"13":1,"14":1,"15":1,"16":1,"17":1,"18":1,"19":1,"20":1,"21":1,"22":1,"23":0,"24":1,"25":1,"26":0,"27":0,"28":0,"29":0,"30":0,"31":0,"32":0,"33":0,"34":0,"35":0,"36":0,"37":0,"38":0,"39":0,"40":0,"41":0,"42":0,"43":0,"44":0,"45":0,"46":0,"47":0,"48":0,"49":0,"50":0,"51":0,"52":0,"53":0,"54":0,"55":0,"56":0,"57":0,"58":0,"59":0,"60":0,"61":0,"62":0,"63":0,"64":0,"65":0,"66":0,"67":0,"68":0,"69":0,"70":0,"71":0,"72":1,"73":1,"74":0,"75":0,"76":0,"77":0,"78":0,"79":0,"80":0,"81":0,"82":0,"83":0,"84":0,"85":0,"86":0,"87":1,"88":1,"89":1,"90":1,"91":1,"92":1,"93":1},"f":{"0":1,"1":1,"2":0,"3":0,"4":0,"5":0,"6":0,"7":0,"8":0,"9":0,"10":0,"11":0,"12":0,"13":0},"b":{"0":[1,0],"1":[0,1],"2":[0,1],"3":[1,1,1],"4":[1,0],"5":[1,0],"6":[1,0],"7":[0,1],"8":[0,0],"9":[0,0],"10":[0,0],"11":[0,0],"12":[0,0],"13":[0,0],"14":[0,0],"15":[0,0],"16":[0,0],"17":[0,0],"18":[0,0],"19":[0,0],"20":[0,0],"21":[0,0],"22":[0,0],"23":[0,0],"24":[0,0],"25":[0,0]}}
,"C:\\Users\\usuario\\Downloads\\cmpc-libros-backend\\src\\books\\books.module.ts": {"path":"C:\\Users\\usuario\\Downloads\\cmpc-libros-backend\\src\\books\\books.module.ts","statementMap":{"0":{"start":{"line":1,"column":0},"end":{"line":1,"column":40}},"1":{"start":{"line":2,"column":0},"end":{"line":2,"column":52}},"2":{"start":{"line":3,"column":0},"end":{"line":3,"column":47}},"3":{"start":{"line":4,"column":0},"end":{"line":4,"column":53}},"4":{"start":{"line":5,"column":0},"end":{"line":5,"column":43}},"5":{"start":{"line":6,"column":0},"end":{"line":6,"column":47}},"6":{"start":{"line":7,"column":0},"end":{"line":7,"column":58}},"7":{"start":{"line":8,"column":0},"end":{"line":8,"column":45}},"8":{"start":{"line":9,"column":0},"end":{"line":9,"column":53}},"9":{"start":{"line":10,"column":0},"end":{"line":10,"column":52}},"10":{"start":{"line":11,"column":0},"end":{"line":11,"column":56}},"11":{"start":{"line":12,"column":0},"end":{"line":12,"column":54}},"12":{"start":{"line":13,"column":0},"end":{"line":13,"column":62}},"13":{"start":{"line":33,"column":7},"end":{"line":33,"column":null}},"14":{"start":{"line":33,"column":13},"end":{"line":33,"column":24}},"15":{"start":{"line":33,"column":13},"end":{"line":33,"column":null}}},"fnMap":{},"branchMap":{},"s":{"0":0,"1":0,"2":0,"3":0,"4":0,"5":0,"6":0,"7":0,"8":0,"9":0,"10":0,"11":0,"12":0,"13":0,"14":0,"15":0},"f":{},"b":{}}
,"C:\\Users\\usuario\\Downloads\\cmpc-libros-backend\\src\\books\\books.service.ts": {"path":"C:\\Users\\usuario\\Downloads\\cmpc-libros-backend\\src\\books\\books.service.ts","statementMap":{"0":{"start":{"line":1,"column":0},"end":{"line":1,"column":63}},"1":{"start":{"line":2,"column":0},"end":{"line":2,"column":48}},"2":{"start":{"line":3,"column":0},"end":{"line":3,"column":43}},"3":{"start":{"line":4,"column":0},"end":{"line":4,"column":49}},"4":{"start":{"line":5,"column":0},"end":{"line":5,"column":54}},"5":{"start":{"line":6,"column":0},"end":{"line":6,"column":56}},"6":{"start":{"line":7,"column":0},"end":{"line":7,"column":56}},"7":{"start":{"line":8,"column":0},"end":{"line":8,"column":54}},"8":{"start":{"line":9,"column":0},"end":{"line":9,"column":62}},"9":{"start":{"line":10,"column":0},"end":{"line":10,"column":47}},"10":{"start":{"line":11,"column":0},"end":{"line":11,"column":45}},"11":{"start":{"line":12,"column":0},"end":{"line":12,"column":58}},"12":{"start":{"line":15,"column":7},"end":{"line":361,"column":null}},"13":{"start":{"line":17,"column":40},"end":{"line":17,"column":62}},"14":{"start":{"line":19,"column":21},"end":{"line":19,"column":55}},"15":{"start":{"line":20,"column":45},"end":{"line":20,"column":77}},"16":{"start":{"line":22,"column":21},"end":{"line":22,"column":61}},"17":{"start":{"line":24,"column":21},"end":{"line":24,"column":47}},"18":{"start":{"line":26,"column":21},"end":{"line":26,"column":45}},"19":{"start":{"line":28,"column":21},"end":{"line":28,"column":53}},"20":{"start":{"line":29,"column":21},"end":{"line":29,"column":32}},"21":{"start":{"line":30,"column":21},"end":{"line":30,"column":35}},"22":{"start":{"line":34,"column":4},"end":{"line":66,"column":7}},"23":{"start":{"line":35,"column":19},"end":{"line":37,"column":8}},"24":{"start":{"line":39,"column":6},"end":{"line":45,"column":8}},"25":{"start":{"line":40,"column":59},"end":{"line":43,"column":10}},"26":{"start":{"line":46,"column":6},"end":{"line":52,"column":8}},"27":{"start":{"line":47,"column":57},"end":{"line":50,"column":10}},"28":{"start":{"line":53,"column":6},"end":{"line":59,"column":8}},"29":{"start":{"line":54,"column":65},"end":{"line":57,"column":10}},"30":{"start":{"line":65,"column":6},"end":{"line":65,"column":18}},"31":{"start":{"line":70,"column":32},"end":{"line":70,"column":34}},"32":{"start":{"line":71,"column":27},"end":{"line":71,"column":29}},"33":{"start":{"line":72,"column":31},"end":{"line":72,"column":33}},"34":{"start":{"line":75,"column":4},"end":{"line":77,"column":5}},"35":{"start":{"line":76,"column":6},"end":{"line":76,"column":54}},"36":{"start":{"line":80,"column":4},"end":{"line":90,"column":5}},"37":{"start":{"line":84,"column":6},"end":{"line":89,"column":7}},"38":{"start":{"line":85,"column":8},"end":{"line":86,"column":75}},"39":{"start":{"line":85,"column":42},"end":{"line":85,"column":68}},"40":{"start":{"line":86,"column":13},"end":{"line":86,"column":75}},"41":{"start":{"line":86,"column":48},"end":{"line":86,"column":75}},"42":{"start":{"line":88,"column":8},"end":{"line":88,"column":49}},"43":{"start":{"line":94,"column":4},"end":{"line":112,"column":5}},"44":{"start":{"line":95,"column":6},"end":{"line":102,"column":9}},"45":{"start":{"line":105,"column":6},"end":{"line":111,"column":9}},"46":{"start":{"line":115,"column":4},"end":{"line":132,"column":5}},"47":{"start":{"line":116,"column":6},"end":{"line":123,"column":9}},"48":{"start":{"line":125,"column":6},"end":{"line":131,"column":9}},"49":{"start":{"line":135,"column":4},"end":{"line":150,"column":5}},"50":{"start":{"line":136,"column":6},"end":{"line":142,"column":9}},"51":{"start":{"line":144,"column":6},"end":{"line":149,"column":9}},"52":{"start":{"line":153,"column":53},"end":{"line":166,"column":6}},"53":{"start":{"line":168,"column":22},"end":{"line":189,"column":5}},"54":{"start":{"line":171,"column":6},"end":{"line":171,"column":24}},"55":{"start":{"line":171,"column":14},"end":{"line":171,"column":24}},"56":{"start":{"line":172,"column":6},"end":{"line":177,"column":7}},"57":{"start":{"line":173,"column":8},"end":{"line":176,"column":12}},"58":{"start":{"line":173,"column":30},"end":{"line":176,"column":10}},"59":{"start":{"line":178,"column":6},"end":{"line":188,"column":11}},"60":{"start":{"line":180,"column":20},"end":{"line":180,"column":28}},"61":{"start":{"line":183,"column":25},"end":{"line":183,"column":61}},"62":{"start":{"line":183,"column":52},"end":{"line":183,"column":60}},"63":{"start":{"line":184,"column":10},"end":{"line":187,"column":12}},"64":{"start":{"line":191,"column":22},"end":{"line":191,"column":42}},"65":{"start":{"line":193,"column":4},"end":{"line":212,"column":5}},"66":{"start":{"line":194,"column":21},"end":{"line":194,"column":49}},"67":{"start":{"line":195,"column":6},"end":{"line":195,"column":28}},"68":{"start":{"line":195,"column":19},"end":{"line":195,"column":28}},"69":{"start":{"line":197,"column":6},"end":{"line":211,"column":7}},"70":{"start":{"line":198,"column":8},"end":{"line":198,"column":53}},"71":{"start":{"line":199,"column":13},"end":{"line":211,"column":7}},"72":{"start":{"line":200,"column":25},"end":{"line":200,"column":45}},"73":{"start":{"line":201,"column":25},"end":{"line":201,"column":66}},"74":{"start":{"line":201,"column":47},"end":{"line":201,"column":65}},"75":{"start":{"line":202,"column":8},"end":{"line":209,"column":9}},"76":{"start":{"line":203,"column":10},"end":{"line":208,"column":13}},"77":{"start":{"line":210,"column":8},"end":{"line":210,"column":71}},"78":{"start":{"line":215,"column":18},"end":{"line":215,"column":42}},"79":{"start":{"line":216,"column":19},"end":{"line":216,"column":57}},"80":{"start":{"line":219,"column":19},"end":{"line":226,"column":6}},"81":{"start":{"line":228,"column":4},"end":{"line":228,"column":18}},"82":{"start":{"line":232,"column":17},"end":{"line":232,"column":50}},"83":{"start":{"line":233,"column":4},"end":{"line":233,"column":45}},"84":{"start":{"line":233,"column":15},"end":{"line":233,"column":45}},"85":{"start":{"line":234,"column":4},"end":{"line":234,"column":16}},"86":{"start":{"line":238,"column":4},"end":{"line":306,"column":7}},"87":{"start":{"line":240,"column":19},"end":{"line":240,"column":73}},"88":{"start":{"line":241,"column":6},"end":{"line":241,"column":77}},"89":{"start":{"line":241,"column":17},"end":{"line":241,"column":77}},"90":{"start":{"line":244,"column":6},"end":{"line":244,"column":61}},"91":{"start":{"line":247,"column":34},"end":{"line":248,"column":null}},"92":{"start":{"line":248,"column":8},"end":{"line":248,"column":17}},"93":{"start":{"line":250,"column":33},"end":{"line":251,"column":null}},"94":{"start":{"line":251,"column":8},"end":{"line":251,"column":17}},"95":{"start":{"line":253,"column":37},"end":{"line":254,"column":null}},"96":{"start":{"line":254,"column":8},"end":{"line":254,"column":17}},"97":{"start":{"line":258,"column":6},"end":{"line":261,"column":9}},"98":{"start":{"line":262,"column":6},"end":{"line":270,"column":7}},"99":{"start":{"line":263,"column":8},"end":{"line":269,"column":10}},"100":{"start":{"line":264,"column":39},"end":{"line":267,"column":12}},"101":{"start":{"line":273,"column":6},"end":{"line":276,"column":9}},"102":{"start":{"line":277,"column":6},"end":{"line":285,"column":7}},"103":{"start":{"line":278,"column":8},"end":{"line":284,"column":10}},"104":{"start":{"line":279,"column":37},"end":{"line":282,"column":12}},"105":{"start":{"line":288,"column":6},"end":{"line":291,"column":9}},"106":{"start":{"line":292,"column":6},"end":{"line":300,"column":7}},"107":{"start":{"line":293,"column":8},"end":{"line":299,"column":10}},"108":{"start":{"line":294,"column":45},"end":{"line":297,"column":12}},"109":{"start":{"line":303,"column":6},"end":{"line":303,"column":87}},"110":{"start":{"line":305,"column":6},"end":{"line":305,"column":18}},"111":{"start":{"line":310,"column":4},"end":{"line":345,"column":7}},"112":{"start":{"line":312,"column":19},"end":{"line":312,"column":73}},"113":{"start":{"line":313,"column":6},"end":{"line":313,"column":77}},"114":{"start":{"line":313,"column":17},"end":{"line":313,"column":77}},"115":{"start":{"line":317,"column":6},"end":{"line":330,"column":9}},"116":{"start":{"line":333,"column":6},"end":{"line":333,"column":46}},"117":{"start":{"line":344,"column":6},"end":{"line":344,"column":31}},"118":{"start":{"line":349,"column":4},"end":{"line":359,"column":7}},"119":{"start":{"line":350,"column":19},"end":{"line":354,"column":8}},"120":{"start":{"line":355,"column":6},"end":{"line":355,"column":47}},"121":{"start":{"line":355,"column":17},"end":{"line":355,"column":47}},"122":{"start":{"line":356,"column":6},"end":{"line":356,"column":46}},"123":{"start":{"line":357,"column":6},"end":{"line":357,"column":74}},"124":{"start":{"line":358,"column":6},"end":{"line":358,"column":18}},"125":{"start":{"line":15,"column":13},"end":{"line":15,"column":25}},"126":{"start":{"line":15,"column":13},"end":{"line":361,"column":null}}},"fnMap":{"0":{"name":"(anonymous_4)","decl":{"start":{"line":16,"column":2},"end":{"line":16,"column":null}},"loc":{"start":{"line":30,"column":47},"end":{"line":31,"column":6}}},"1":{"name":"(anonymous_5)","decl":{"start":{"line":33,"column":2},"end":{"line":33,"column":7}},"loc":{"start":{"line":33,"column":44},"end":{"line":67,"column":3}}},"2":{"name":"(anonymous_6)","decl":{"start":{"line":34,"column":38},"end":{"line":34,"column":43}},"loc":{"start":{"line":34,"column":51},"end":{"line":66,"column":5}}},"3":{"name":"(anonymous_7)","decl":{"start":{"line":40,"column":36},"end":{"line":40,"column":37}},"loc":{"start":{"line":40,"column":59},"end":{"line":43,"column":10}}},"4":{"name":"(anonymous_8)","decl":{"start":{"line":47,"column":35},"end":{"line":47,"column":36}},"loc":{"start":{"line":47,"column":57},"end":{"line":50,"column":10}}},"5":{"name":"(anonymous_9)","decl":{"start":{"line":54,"column":39},"end":{"line":54,"column":40}},"loc":{"start":{"line":54,"column":65},"end":{"line":57,"column":10}}},"6":{"name":"(anonymous_10)","decl":{"start":{"line":69,"column":2},"end":{"line":69,"column":7}},"loc":{"start":{"line":69,"column":68},"end":{"line":229,"column":3}}},"7":{"name":"(anonymous_11)","decl":{"start":{"line":168,"column":22},"end":{"line":168,"column":null}},"loc":{"start":{"line":170,"column":55},"end":{"line":189,"column":5}}},"8":{"name":"(anonymous_12)","decl":{"start":{"line":173,"column":21},"end":{"line":173,"column":22}},"loc":{"start":{"line":173,"column":30},"end":{"line":176,"column":10}}},"9":{"name":"(anonymous_13)","decl":{"start":{"line":180,"column":13},"end":{"line":180,"column":14}},"loc":{"start":{"line":180,"column":20},"end":{"line":180,"column":28}}},"10":{"name":"(anonymous_14)","decl":{"start":{"line":182,"column":13},"end":{"line":182,"column":14}},"loc":{"start":{"line":182,"column":22},"end":{"line":188,"column":9}}},"11":{"name":"(anonymous_15)","decl":{"start":{"line":183,"column":45},"end":{"line":183,"column":46}},"loc":{"start":{"line":183,"column":52},"end":{"line":183,"column":60}}},"12":{"name":"(anonymous_16)","decl":{"start":{"line":201,"column":38},"end":{"line":201,"column":39}},"loc":{"start":{"line":201,"column":47},"end":{"line":201,"column":65}}},"13":{"name":"(anonymous_17)","decl":{"start":{"line":231,"column":2},"end":{"line":231,"column":7}},"loc":{"start":{"line":231,"column":26},"end":{"line":235,"column":3}}},"14":{"name":"(anonymous_18)","decl":{"start":{"line":237,"column":2},"end":{"line":237,"column":7}},"loc":{"start":{"line":237,"column":56},"end":{"line":307,"column":3}}},"15":{"name":"(anonymous_19)","decl":{"start":{"line":238,"column":38},"end":{"line":238,"column":43}},"loc":{"start":{"line":238,"column":51},"end":{"line":306,"column":5}}},"16":{"name":"(anonymous_20)","decl":{"start":{"line":247,"column":62},"end":{"line":247,"column":63}},"loc":{"start":{"line":248,"column":8},"end":{"line":248,"column":17}}},"17":{"name":"(anonymous_21)","decl":{"start":{"line":250,"column":60},"end":{"line":250,"column":61}},"loc":{"start":{"line":251,"column":8},"end":{"line":251,"column":17}}},"18":{"name":"(anonymous_22)","decl":{"start":{"line":253,"column":68},"end":{"line":253,"column":69}},"loc":{"start":{"line":254,"column":8},"end":{"line":254,"column":17}}},"19":{"name":"(anonymous_23)","decl":{"start":{"line":264,"column":24},"end":{"line":264,"column":25}},"loc":{"start":{"line":264,"column":39},"end":{"line":267,"column":12}}},"20":{"name":"(anonymous_24)","decl":{"start":{"line":279,"column":23},"end":{"line":279,"column":24}},"loc":{"start":{"line":279,"column":37},"end":{"line":282,"column":12}}},"21":{"name":"(anonymous_25)","decl":{"start":{"line":294,"column":27},"end":{"line":294,"column":28}},"loc":{"start":{"line":294,"column":45},"end":{"line":297,"column":12}}},"22":{"name":"(anonymous_26)","decl":{"start":{"line":309,"column":2},"end":{"line":309,"column":7}},"loc":{"start":{"line":309,"column":42},"end":{"line":346,"column":3}}},"23":{"name":"(anonymous_27)","decl":{"start":{"line":310,"column":38},"end":{"line":310,"column":43}},"loc":{"start":{"line":310,"column":51},"end":{"line":345,"column":5}}},"24":{"name":"(anonymous_28)","decl":{"start":{"line":348,"column":2},"end":{"line":348,"column":7}},"loc":{"start":{"line":348,"column":43},"end":{"line":360,"column":3}}},"25":{"name":"(anonymous_29)","decl":{"start":{"line":349,"column":38},"end":{"line":349,"column":43}},"loc":{"start":{"line":349,"column":51},"end":{"line":359,"column":5}}}},"branchMap":{"0":{"loc":{"start":{"line":40,"column":9},"end":{"line":40,"column":30}},"type":"binary-expr","locations":[{"start":{"line":40,"column":9},"end":{"line":40,"column":24}},{"start":{"line":40,"column":28},"end":{"line":40,"column":30}}]},"1":{"loc":{"start":{"line":47,"column":9},"end":{"line":47,"column":29}},"type":"binary-expr","locations":[{"start":{"line":47,"column":9},"end":{"line":47,"column":23}},{"start":{"line":47,"column":27},"end":{"line":47,"column":29}}]},"2":{"loc":{"start":{"line":54,"column":9},"end":{"line":54,"column":33}},"type":"binary-expr","locations":[{"start":{"line":54,"column":9},"end":{"line":54,"column":27}},{"start":{"line":54,"column":31},"end":{"line":54,"column":33}}]},"3":{"loc":{"start":{"line":69,"column":16},"end":{"line":69,"column":68}},"type":"default-arg","locations":[{"start":{"line":69,"column":28},"end":{"line":69,"column":68}}]},"4":{"loc":{"start":{"line":75,"column":4},"end":{"line":77,"column":5}},"type":"if","locations":[{"start":{"line":75,"column":4},"end":{"line":77,"column":5}},{"start":{},"end":{}}]},"5":{"loc":{"start":{"line":80,"column":4},"end":{"line":90,"column":5}},"type":"if","locations":[{"start":{"line":80,"column":4},"end":{"line":90,"column":5}},{"start":{},"end":{}}]},"6":{"loc":{"start":{"line":81,"column":6},"end":{"line":82,"column":32}},"type":"binary-expr","locations":[{"start":{"line":81,"column":6},"end":{"line":81,"column":46}},{"start":{"line":82,"column":6},"end":{"line":82,"column":32}}]},"7":{"loc":{"start":{"line":84,"column":6},"end":{"line":89,"column":7}},"type":"if","locations":[{"start":{"line":84,"column":6},"end":{"line":89,"column":7}},{"start":{"line":87,"column":13},"end":{"line":89,"column":7}}]},"8":{"loc":{"start":{"line":85,"column":8},"end":{"line":86,"column":75}},"type":"if","locations":[{"start":{"line":85,"column":8},"end":{"line":86,"column":75}},{"start":{"line":86,"column":13},"end":{"line":86,"column":75}}]},"9":{"loc":{"start":{"line":86,"column":13},"end":{"line":86,"column":75}},"type":"if","locations":[{"start":{"line":86,"column":13},"end":{"line":86,"column":75}},{"start":{},"end":{}}]},"10":{"loc":{"start":{"line":94,"column":4},"end":{"line":112,"column":5}},"type":"if","locations":[{"start":{"line":94,"column":4},"end":{"line":112,"column":5}},{"start":{"line":103,"column":11},"end":{"line":112,"column":5}}]},"11":{"loc":{"start":{"line":115,"column":4},"end":{"line":132,"column":5}},"type":"if","locations":[{"start":{"line":115,"column":4},"end":{"line":132,"column":5}},{"start":{"line":124,"column":11},"end":{"line":132,"column":5}}]},"12":{"loc":{"start":{"line":135,"column":4},"end":{"line":150,"column":5}},"type":"if","locations":[{"start":{"line":135,"column":4},"end":{"line":150,"column":5}},{"start":{"line":143,"column":11},"end":{"line":150,"column":5}}]},"13":{"loc":{"start":{"line":171,"column":6},"end":{"line":171,"column":24}},"type":"if","locations":[{"start":{"line":171,"column":6},"end":{"line":171,"column":24}},{"start":{},"end":{}}]},"14":{"loc":{"start":{"line":172,"column":6},"end":{"line":177,"column":7}},"type":"if","locations":[{"start":{"line":172,"column":6},"end":{"line":177,"column":7}},{"start":{},"end":{}}]},"15":{"loc":{"start":{"line":175,"column":15},"end":{"line":175,"column":74}},"type":"cond-expr","locations":[{"start":{"line":175,"column":60},"end":{"line":175,"column":66}},{"start":{"line":175,"column":69},"end":{"line":175,"column":74}}]},"16":{"loc":{"start":{"line":175,"column":16},"end":{"line":175,"column":31}},"type":"binary-expr","locations":[{"start":{"line":175,"column":16},"end":{"line":175,"column":22}},{"start":{"line":175,"column":26},"end":{"line":175,"column":31}}]},"17":{"loc":{"start":{"line":186,"column":17},"end":{"line":186,"column":71}},"type":"cond-expr","locations":[{"start":{"line":186,"column":57},"end":{"line":186,"column":63}},{"start":{"line":186,"column":66},"end":{"line":186,"column":71}}]},"18":{"loc":{"start":{"line":186,"column":18},"end":{"line":186,"column":28}},"type":"binary-expr","locations":[{"start":{"line":186,"column":18},"end":{"line":186,"column":19}},{"start":{"line":186,"column":23},"end":{"line":186,"column":28}}]},"19":{"loc":{"start":{"line":195,"column":6},"end":{"line":195,"column":28}},"type":"if","locations":[{"start":{"line":195,"column":6},"end":{"line":195,"column":28}},{"start":{},"end":{}}]},"20":{"loc":{"start":{"line":197,"column":6},"end":{"line":211,"column":7}},"type":"if","locations":[{"start":{"line":197,"column":6},"end":{"line":211,"column":7}},{"start":{"line":199,"column":13},"end":{"line":211,"column":7}}]},"21":{"loc":{"start":{"line":197,"column":10},"end":{"line":197,"column":64}},"type":"binary-expr","locations":[{"start":{"line":197,"column":10},"end":{"line":197,"column":31}},{"start":{"line":197,"column":35},"end":{"line":197,"column":64}}]},"22":{"loc":{"start":{"line":199,"column":13},"end":{"line":211,"column":7}},"type":"if","locations":[{"start":{"line":199,"column":13},"end":{"line":211,"column":7}},{"start":{},"end":{}}]},"23":{"loc":{"start":{"line":199,"column":17},"end":{"line":199,"column":71}},"type":"binary-expr","locations":[{"start":{"line":199,"column":17},"end":{"line":199,"column":38}},{"start":{"line":199,"column":42},"end":{"line":199,"column":71}}]},"24":{"loc":{"start":{"line":202,"column":8},"end":{"line":209,"column":9}},"type":"if","locations":[{"start":{"line":202,"column":8},"end":{"line":209,"column":9}},{"start":{},"end":{}}]},"25":{"loc":{"start":{"line":215,"column":18},"end":{"line":215,"column":42}},"type":"binary-expr","locations":[{"start":{"line":215,"column":18},"end":{"line":215,"column":36}},{"start":{"line":215,"column":40},"end":{"line":215,"column":42}}]},"26":{"loc":{"start":{"line":216,"column":21},"end":{"line":216,"column":43}},"type":"binary-expr","locations":[{"start":{"line":216,"column":21},"end":{"line":216,"column":38}},{"start":{"line":216,"column":42},"end":{"line":216,"column":43}}]},"27":{"loc":{"start":{"line":233,"column":4},"end":{"line":233,"column":45}},"type":"if","locations":[{"start":{"line":233,"column":4},"end":{"line":233,"column":45}},{"start":{},"end":{}}]},"28":{"loc":{"start":{"line":241,"column":6},"end":{"line":241,"column":77}},"type":"if","locations":[{"start":{"line":241,"column":6},"end":{"line":241,"column":77}},{"start":{},"end":{}}]},"29":{"loc":{"start":{"line":247,"column":35},"end":{"line":247,"column":56}},"type":"binary-expr","locations":[{"start":{"line":247,"column":35},"end":{"line":247,"column":50}},{"start":{"line":247,"column":54},"end":{"line":247,"column":56}}]},"30":{"loc":{"start":{"line":250,"column":34},"end":{"line":250,"column":54}},"type":"binary-expr","locations":[{"start":{"line":250,"column":34},"end":{"line":250,"column":48}},{"start":{"line":250,"column":52},"end":{"line":250,"column":54}}]},"31":{"loc":{"start":{"line":253,"column":38},"end":{"line":253,"column":62}},"type":"binary-expr","locations":[{"start":{"line":253,"column":38},"end":{"line":253,"column":56}},{"start":{"line":253,"column":60},"end":{"line":253,"column":62}}]},"32":{"loc":{"start":{"line":262,"column":6},"end":{"line":270,"column":7}},"type":"if","locations":[{"start":{"line":262,"column":6},"end":{"line":270,"column":7}},{"start":{},"end":{}}]},"33":{"loc":{"start":{"line":277,"column":6},"end":{"line":285,"column":7}},"type":"if","locations":[{"start":{"line":277,"column":6},"end":{"line":285,"column":7}},{"start":{},"end":{}}]},"34":{"loc":{"start":{"line":292,"column":6},"end":{"line":300,"column":7}},"type":"if","locations":[{"start":{"line":292,"column":6},"end":{"line":300,"column":7}},{"start":{},"end":{}}]},"35":{"loc":{"start":{"line":313,"column":6},"end":{"line":313,"column":77}},"type":"if","locations":[{"start":{"line":313,"column":6},"end":{"line":313,"column":77}},{"start":{},"end":{}}]},"36":{"loc":{"start":{"line":355,"column":6},"end":{"line":355,"column":47}},"type":"if","locations":[{"start":{"line":355,"column":6},"end":{"line":355,"column":47}},{"start":{},"end":{}}]}},"s":{"0":2,"1":2,"2":2,"3":2,"4":2,"5":2,"6":2,"7":2,"8":2,"9":2,"10":2,"11":2,"12":2,"13":13,"14":13,"15":13,"16":13,"17":13,"18":13,"19":13,"20":13,"21":13,"22":1,"23":1,"24":1,"25":1,"26":1,"27":1,"28":1,"29":1,"30":1,"31":5,"32":5,"33":5,"34":5,"35":1,"36":5,"37":2,"38":2,"39":1,"40":1,"41":1,"42":0,"43":5,"44":1,"45":4,"46":5,"47":1,"48":4,"49":5,"50":1,"51":4,"52":5,"53":5,"54":5,"55":4,"56":1,"57":0,"58":0,"59":1,"60":1,"61":1,"62":2,"63":1,"64":5,"65":5,"66":1,"67":1,"68":0,"69":1,"70":0,"71":1,"72":1,"73":1,"74":3,"75":1,"76":0,"77":1,"78":5,"79":5,"80":5,"81":5,"82":2,"83":2,"84":1,"85":1,"86":2,"87":2,"88":2,"89":1,"90":1,"91":1,"92":1,"93":1,"94":1,"95":1,"96":1,"97":1,"98":1,"99":1,"100":1,"101":1,"102":1,"103":1,"104":1,"105":1,"106":1,"107":1,"108":1,"109":1,"110":1,"111":2,"112":2,"113":2,"114":1,"115":1,"116":1,"117":1,"118":2,"119":2,"120":2,"121":1,"122":1,"123":1,"124":1,"125":2,"126":2},"f":{"0":13,"1":1,"2":1,"3":1,"4":1,"5":1,"6":5,"7":5,"8":0,"9":1,"10":1,"11":2,"12":3,"13":2,"14":2,"15":2,"16":1,"17":1,"18":1,"19":1,"20":1,"21":1,"22":2,"23":2,"24":2,"25":2},"b":{"0":[1,0],"1":[1,0],"2":[1,0],"3":[0],"4":[1,4],"5":[2,3],"6":[5,2],"7":[2,0],"8":[1,1],"9":[1,0],"10":[1,4],"11":[1,4],"12":[1,4],"13":[4,1],"14":[0,1],"15":[0,0],"16":[0,0],"17":[0,1],"18":[1,0],"19":[0,1],"20":[0,1],"21":[1,1],"22":[1,0],"23":[1,1],"24":[0,1],"25":[5,4],"26":[5,4],"27":[1,1],"28":[1,1],"29":[1,0],"30":[1,0],"31":[1,0],"32":[1,0],"33":[1,0],"34":[1,0],"35":[1,1],"36":[1,1]}}
,"C:\\Users\\usuario\\Downloads\\cmpc-libros-backend\\src\\books\\dto\\books.dto.ts": {"path":"C:\\Users\\usuario\\Downloads\\cmpc-libros-backend\\src\\books\\dto\\books.dto.ts","statementMap":{"0":{"start":{"line":1,"column":0},"end":{"line":1,"column":76}},"1":{"start":{"line":3,"column":0},"end":{"line":3,"column":13}},"2":{"start":{"line":5,"column":2},"end":{"line":5,"column":null}},"3":{"start":{"line":8,"column":2},"end":{"line":8,"column":null}},"4":{"start":{"line":12,"column":2},"end":{"line":12,"column":null}}},"fnMap":{},"branchMap":{},"s":{"0":0,"1":0,"2":0,"3":0,"4":0},"f":{},"b":{}}
,"C:\\Users\\usuario\\Downloads\\cmpc-libros-backend\\src\\books\\models\\author.model.ts": {"path":"C:\\Users\\usuario\\Downloads\\cmpc-libros-backend\\src\\books\\models\\author.model.ts","statementMap":{"0":{"start":{"line":1,"column":0},"end":{"line":1,"column":70}},"1":{"start":{"line":4,"column":7},"end":{"line":13,"column":null}},"2":{"start":{"line":4,"column":13},"end":{"line":4,"column":19}},"3":{"start":{"line":6,"column":2},"end":{"line":6,"column":null}},"4":{"start":{"line":9,"column":2},"end":{"line":9,"column":null}},"5":{"start":{"line":12,"column":2},"end":{"line":12,"column":null}},"6":{"start":{"line":4,"column":13},"end":{"line":13,"column":null}}},"fnMap":{},"branchMap":{},"s":{"0":2,"1":2,"2":2,"3":2,"4":2,"5":2,"6":2},"f":{},"b":{}}
,"C:\\Users\\usuario\\Downloads\\cmpc-libros-backend\\src\\books\\models\\book-author.model.ts": {"path":"C:\\Users\\usuario\\Downloads\\cmpc-libros-backend\\src\\books\\models\\book-author.model.ts","statementMap":{"0":{"start":{"line":1,"column":0},"end":{"line":1,"column":82}},"1":{"start":{"line":2,"column":0},"end":{"line":2,"column":36}},"2":{"start":{"line":3,"column":0},"end":{"line":3,"column":40}},"3":{"start":{"line":6,"column":7},"end":{"line":14,"column":null}},"4":{"start":{"line":6,"column":13},"end":{"line":6,"column":23}},"5":{"start":{"line":9,"column":2},"end":{"line":9,"column":null}},"6":{"start":{"line":7,"column":20},"end":{"line":7,"column":24}},"7":{"start":{"line":13,"column":2},"end":{"line":13,"column":null}},"8":{"start":{"line":11,"column":20},"end":{"line":11,"column":26}},"9":{"start":{"line":6,"column":13},"end":{"line":14,"column":null}}},"fnMap":{"0":{"name":"(anonymous_2)","decl":{"start":{"line":7,"column":14},"end":{"line":7,"column":17}},"loc":{"start":{"line":7,"column":20},"end":{"line":7,"column":24}}},"1":{"name":"(anonymous_3)","decl":{"start":{"line":11,"column":14},"end":{"line":11,"column":17}},"loc":{"start":{"line":11,"column":20},"end":{"line":11,"column":26}}}},"branchMap":{},"s":{"0":2,"1":2,"2":2,"3":2,"4":2,"5":2,"6":0,"7":2,"8":0,"9":2},"f":{"0":0,"1":0},"b":{}}
,"C:\\Users\\usuario\\Downloads\\cmpc-libros-backend\\src\\books\\models\\book-genre.model.ts": {"path":"C:\\Users\\usuario\\Downloads\\cmpc-libros-backend\\src\\books\\models\\book-genre.model.ts","statementMap":{"0":{"start":{"line":1,"column":0},"end":{"line":1,"column":82}},"1":{"start":{"line":2,"column":0},"end":{"line":2,"column":36}},"2":{"start":{"line":3,"column":0},"end":{"line":3,"column":38}},"3":{"start":{"line":6,"column":7},"end":{"line":14,"column":null}},"4":{"start":{"line":6,"column":13},"end":{"line":6,"column":22}},"5":{"start":{"line":9,"column":2},"end":{"line":9,"column":null}},"6":{"start":{"line":7,"column":20},"end":{"line":7,"column":24}},"7":{"start":{"line":13,"column":2},"end":{"line":13,"column":null}},"8":{"start":{"line":11,"column":20},"end":{"line":11,"column":25}},"9":{"start":{"line":6,"column":13},"end":{"line":14,"column":null}}},"fnMap":{"0":{"name":"(anonymous_2)","decl":{"start":{"line":7,"column":14},"end":{"line":7,"column":17}},"loc":{"start":{"line":7,"column":20},"end":{"line":7,"column":24}}},"1":{"name":"(anonymous_3)","decl":{"start":{"line":11,"column":14},"end":{"line":11,"column":17}},"loc":{"start":{"line":11,"column":20},"end":{"line":11,"column":25}}}},"branchMap":{},"s":{"0":2,"1":2,"2":2,"3":2,"4":2,"5":2,"6":0,"7":2,"8":0,"9":2},"f":{"0":0,"1":0},"b":{}}
,"C:\\Users\\usuario\\Downloads\\cmpc-libros-backend\\src\\books\\models\\book-publisher.model.ts": {"path":"C:\\Users\\usuario\\Downloads\\cmpc-libros-backend\\src\\books\\models\\book-publisher.model.ts","statementMap":{"0":{"start":{"line":1,"column":0},"end":{"line":1,"column":82}},"1":{"start":{"line":2,"column":0},"end":{"line":2,"column":36}},"2":{"start":{"line":3,"column":0},"end":{"line":3,"column":61}},"3":{"start":{"line":6,"column":7},"end":{"line":14,"column":null}},"4":{"start":{"line":6,"column":13},"end":{"line":6,"column":26}},"5":{"start":{"line":9,"column":2},"end":{"line":9,"column":null}},"6":{"start":{"line":7,"column":20},"end":{"line":7,"column":24}},"7":{"start":{"line":13,"column":2},"end":{"line":13,"column":null}},"8":{"start":{"line":11,"column":20},"end":{"line":11,"column":29}},"9":{"start":{"line":6,"column":13},"end":{"line":14,"column":null}}},"fnMap":{"0":{"name":"(anonymous_2)","decl":{"start":{"line":7,"column":14},"end":{"line":7,"column":17}},"loc":{"start":{"line":7,"column":20},"end":{"line":7,"column":24}}},"1":{"name":"(anonymous_3)","decl":{"start":{"line":11,"column":14},"end":{"line":11,"column":17}},"loc":{"start":{"line":11,"column":20},"end":{"line":11,"column":29}}}},"branchMap":{},"s":{"0":2,"1":2,"2":2,"3":2,"4":2,"5":2,"6":0,"7":2,"8":0,"9":2},"f":{"0":0,"1":0},"b":{}}
,"C:\\Users\\usuario\\Downloads\\cmpc-libros-backend\\src\\books\\models\\book.model.ts": {"path":"C:\\Users\\usuario\\Downloads\\cmpc-libros-backend\\src\\books\\models\\book.model.ts","statementMap":{"0":{"start":{"line":1,"column":0},"end":{"line":1,"column":null}},"1":{"start":{"line":11,"column":0},"end":{"line":11,"column":49}},"2":{"start":{"line":12,"column":0},"end":{"line":12,"column":40}},"3":{"start":{"line":13,"column":0},"end":{"line":13,"column":47}},"4":{"start":{"line":14,"column":0},"end":{"line":14,"column":38}},"5":{"start":{"line":15,"column":0},"end":{"line":15,"column":61}},"6":{"start":{"line":16,"column":0},"end":{"line":16,"column":46}},"7":{"start":{"line":17,"column":0},"end":{"line":17,"column":55}},"8":{"start":{"line":20,"column":7},"end":{"line":52,"column":null}},"9":{"start":{"line":20,"column":13},"end":{"line":20,"column":17}},"10":{"start":{"line":24,"column":2},"end":{"line":24,"column":null}},"11":{"start":{"line":27,"column":2},"end":{"line":27,"column":null}},"12":{"start":{"line":30,"column":2},"end":{"line":30,"column":null}},"13":{"start":{"line":33,"column":2},"end":{"line":33,"column":null}},"14":{"start":{"line":36,"column":2},"end":{"line":36,"column":null}},"15":{"start":{"line":39,"column":2},"end":{"line":39,"column":null}},"16":{"start":{"line":38,"column":17},"end":{"line":38,"column":26}},"17":{"start":{"line":42,"column":2},"end":{"line":42,"column":null}},"18":{"start":{"line":41,"column":23},"end":{"line":41,"column":29}},"19":{"start":{"line":41,"column":37},"end":{"line":41,"column":47}},"20":{"start":{"line":45,"column":2},"end":{"line":45,"column":null}},"21":{"start":{"line":44,"column":23},"end":{"line":44,"column":28}},"22":{"start":{"line":44,"column":36},"end":{"line":44,"column":45}},"23":{"start":{"line":48,"column":2},"end":{"line":48,"column":null}},"24":{"start":{"line":47,"column":23},"end":{"line":47,"column":32}},"25":{"start":{"line":47,"column":40},"end":{"line":47,"column":53}},"26":{"start":{"line":51,"column":2},"end":{"line":51,"column":null}},"27":{"start":{"line":20,"column":13},"end":{"line":52,"column":null}}},"fnMap":{"0":{"name":"(anonymous_2)","decl":{"start":{"line":38,"column":11},"end":{"line":38,"column":14}},"loc":{"start":{"line":38,"column":17},"end":{"line":38,"column":26}}},"1":{"name":"(anonymous_3)","decl":{"start":{"line":41,"column":17},"end":{"line":41,"column":20}},"loc":{"start":{"line":41,"column":23},"end":{"line":41,"column":29}}},"2":{"name":"(anonymous_4)","decl":{"start":{"line":41,"column":31},"end":{"line":41,"column":34}},"loc":{"start":{"line":41,"column":37},"end":{"line":41,"column":47}}},"3":{"name":"(anonymous_5)","decl":{"start":{"line":44,"column":17},"end":{"line":44,"column":20}},"loc":{"start":{"line":44,"column":23},"end":{"line":44,"column":28}}},"4":{"name":"(anonymous_6)","decl":{"start":{"line":44,"column":30},"end":{"line":44,"column":33}},"loc":{"start":{"line":44,"column":36},"end":{"line":44,"column":45}}},"5":{"name":"(anonymous_7)","decl":{"start":{"line":47,"column":17},"end":{"line":47,"column":20}},"loc":{"start":{"line":47,"column":23},"end":{"line":47,"column":32}}},"6":{"name":"(anonymous_8)","decl":{"start":{"line":47,"column":34},"end":{"line":47,"column":37}},"loc":{"start":{"line":47,"column":40},"end":{"line":47,"column":53}}}},"branchMap":{},"s":{"0":2,"1":2,"2":2,"3":2,"4":2,"5":2,"6":2,"7":2,"8":2,"9":2,"10":2,"11":2,"12":2,"13":2,"14":2,"15":2,"16":0,"17":2,"18":0,"19":0,"20":2,"21":0,"22":0,"23":2,"24":0,"25":0,"26":2,"27":2},"f":{"0":0,"1":0,"2":0,"3":0,"4":0,"5":0,"6":0},"b":{}}
,"C:\\Users\\usuario\\Downloads\\cmpc-libros-backend\\src\\books\\models\\genre.model.ts": {"path":"C:\\Users\\usuario\\Downloads\\cmpc-libros-backend\\src\\books\\models\\genre.model.ts","statementMap":{"0":{"start":{"line":1,"column":0},"end":{"line":1,"column":70}},"1":{"start":{"line":4,"column":7},"end":{"line":10,"column":null}},"2":{"start":{"line":4,"column":13},"end":{"line":4,"column":18}},"3":{"start":{"line":6,"column":2},"end":{"line":6,"column":null}},"4":{"start":{"line":9,"column":2},"end":{"line":9,"column":null}},"5":{"start":{"line":4,"column":13},"end":{"line":10,"column":null}}},"fnMap":{},"branchMap":{},"s":{"0":2,"1":2,"2":2,"3":2,"4":2,"5":2},"f":{},"b":{}}
,"C:\\Users\\usuario\\Downloads\\cmpc-libros-backend\\src\\books\\models\\inventory.model.ts": {"path":"C:\\Users\\usuario\\Downloads\\cmpc-libros-backend\\src\\books\\models\\inventory.model.ts","statementMap":{"0":{"start":{"line":1,"column":0},"end":{"line":1,"column":82}},"1":{"start":{"line":2,"column":0},"end":{"line":2,"column":36}},"2":{"start":{"line":5,"column":7},"end":{"line":18,"column":null}},"3":{"start":{"line":5,"column":13},"end":{"line":5,"column":22}},"4":{"start":{"line":7,"column":2},"end":{"line":7,"column":null}},"5":{"start":{"line":11,"column":2},"end":{"line":11,"column":null}},"6":{"start":{"line":9,"column":20},"end":{"line":9,"column":24}},"7":{"start":{"line":14,"column":2},"end":{"line":14,"column":null}},"8":{"start":{"line":17,"column":2},"end":{"line":17,"column":null}},"9":{"start":{"line":5,"column":13},"end":{"line":18,"column":null}}},"fnMap":{"0":{"name":"(anonymous_2)","decl":{"start":{"line":9,"column":14},"end":{"line":9,"column":17}},"loc":{"start":{"line":9,"column":20},"end":{"line":9,"column":24}}}},"branchMap":{},"s":{"0":2,"1":2,"2":2,"3":2,"4":2,"5":2,"6":0,"7":2,"8":2,"9":2},"f":{"0":0},"b":{}}
,"C:\\Users\\usuario\\Downloads\\cmpc-libros-backend\\src\\books\\schemas\\create-book.schema.ts": {"path":"C:\\Users\\usuario\\Downloads\\cmpc-libros-backend\\src\\books\\schemas\\create-book.schema.ts","statementMap":{"0":{"start":{"line":1,"column":0},"end":{"line":1,"column":24}},"1":{"start":{"line":3,"column":13},"end":{"line":12,"column":3}}},"fnMap":{},"branchMap":{},"s":{"0":0,"1":0},"f":{},"b":{}}
,"C:\\Users\\usuario\\Downloads\\cmpc-libros-backend\\src\\common\\guards\\jwt-auth.guard.ts": {"path":"C:\\Users\\usuario\\Downloads\\cmpc-libros-backend\\src\\common\\guards\\jwt-auth.guard.ts","statementMap":{"0":{"start":{"line":1,"column":0},"end":{"line":1,"column":44}},"1":{"start":{"line":2,"column":0},"end":{"line":2,"column":45}},"2":{"start":{"line":5,"column":7},"end":{"line":5,"column":null}},"3":{"start":{"line":5,"column":13},"end":{"line":5,"column":25}},"4":{"start":{"line":5,"column":13},"end":{"line":5,"column":null}}},"fnMap":{},"branchMap":{},"s":{"0":1,"1":1,"2":1,"3":1,"4":1},"f":{},"b":{}}
[...]
ull}},"6":{"start":{"line":11,"column":21},"end":{"line":11,"column":45}},"7":{"start":{"line":12,"column":21},"end":{"line":12,"column":32}},"8":{"start":{"line":17,"column":4},"end":{"line":23,"column":7}},"9":{"start":{"line":18,"column":20},"end":{"line":20,"column":8}},"10":{"start":{"line":22,"column":6},"end":{"line":22,"column":19}},"11":{"start":{"line":27,"column":23},"end":{"line":27,"column":25}},"12":{"start":{"line":28,"column":4},"end":{"line":30,"column":5}},"13":{"start":{"line":29,"column":6},"end":{"line":29,"column":54}},"14":{"start":{"line":31,"column":18},"end":{"line":31,"column":42}},"15":{"start":{"line":32,"column":19},"end":{"line":32,"column":57}},"16":{"start":{"line":33,"column":4},"end":{"line":38,"column":7}},"17":{"start":{"line":42,"column":18},"end":{"line":42,"column":52}},"18":{"start":{"line":43,"column":4},"end":{"line":43,"column":46}},"19":{"start":{"line":43,"column":16},"end":{"line":43,"column":46}},"20":{"start":{"line":44,"column":4},"end":{"line":44,"column":17}},"21":{"start":{"line":48,"column":4},"end":{"line":54,"column":7}},"22":{"start":{"line":49,"column":20},"end":{"line":49,"column":75}},"23":{"start":{"line":50,"column":6},"end":{"line":50,"column":48}},"24":{"start":{"line":50,"column":18},"end":{"line":50,"column":48}},"25":{"start":{"line":51,"column":6},"end":{"line":51,"column":58}},"26":{"start":{"line":53,"column":6},"end":{"line":53,"column":19}},"27":{"start":{"line":58,"column":4},"end":{"line":64,"column":7}},"28":{"start":{"line":59,"column":20},"end":{"line":59,"column":75}},"29":{"start":{"line":60,"column":6},"end":{"line":60,"column":48}},"30":{"start":{"line":60,"column":18},"end":{"line":60,"column":48}},"31":{"start":{"line":61,"column":6},"end":{"line":61,"column":47}},"32":{"start":{"line":63,"column":6},"end":{"line":63,"column":31}},"33":{"start":{"line":68,"column":4},"end":{"line":78,"column":7}},"34":{"start":{"line":69,"column":20},"end":{"line":73,"column":8}},"35":{"start":{"line":74,"column":6},"end":{"line":74,"column":48}},"36":{"start":{"line":74,"column":18},"end":{"line":74,"column":48}},"37":{"start":{"line":75,"column":6},"end":{"line":75,"column":47}},"38":{"start":{"line":77,"column":6},"end":{"line":77,"column":19}},"39":{"start":{"line":8,"column":13},"end":{"line":8,"column":26}},"40":{"start":{"line":8,"column":13},"end":{"line":80,"column":null}}},"fnMap":{"0":{"name":"(anonymous_4)","decl":{"start":{"line":9,"column":2},"end":{"line":9,"column":null}},"loc":{"start":{"line":12,"column":41},"end":{"line":14,"column":4}}},"1":{"name":"(anonymous_5)","decl":{"start":{"line":16,"column":2},"end":{"line":16,"column":7}},"loc":{"start":{"line":16,"column":44},"end":{"line":24,"column":3}}},"2":{"name":"(anonymous_6)","decl":{"start":{"line":17,"column":38},"end":{"line":17,"column":43}},"loc":{"start":{"line":17,"column":51},"end":{"line":23,"column":5}}},"3":{"name":"(anonymous_7)","decl":{"start":{"line":26,"column":2},"end":{"line":26,"column":7}},"loc":{"start":{"line":26,"column":69},"end":{"line":39,"column":3}}},"4":{"name":"(anonymous_8)","decl":{"start":{"line":41,"column":2},"end":{"line":41,"column":7}},"loc":{"start":{"line":41,"column":26},"end":{"line":45,"column":3}}},"5":{"name":"(anonymous_9)","decl":{"start":{"line":47,"column":2},"end":{"line":47,"column":7}},"loc":{"start":{"line":47,"column":52},"end":{"line":55,"column":3}}},"6":{"name":"(anonymous_10)","decl":{"start":{"line":48,"column":38},"end":{"line":48,"column":43}},"loc":{"start":{"line":48,"column":51},"end":{"line":54,"column":5}}},"7":{"name":"(anonymous_11)","decl":{"start":{"line":57,"column":2},"end":{"line":57,"column":7}},"loc":{"start":{"line":57,"column":42},"end":{"line":65,"column":3}}},"8":{"name":"(anonymous_12)","decl":{"start":{"line":58,"column":38},"end":{"line":58,"column":43}},"loc":{"start":{"line":58,"column":51},"end":{"line":64,"column":5}}},"9":{"name":"(anonymous_13)","decl":{"start":{"line":67,"column":2},"end":{"line":67,"column":7}},"loc":{"start":{"line":67,"column":43},"end":{"line":79,"column":3}}},"10":{"name":"(anonymous_14)","decl":{"start":{"line":68,"column":38},"end":{"line":68,"column":43}},"loc":{"start":{"line":68,"column":51},"end":{"line":78,"column":5}}}},"branchMap":{"0":{"loc":{"start":{"line":26,"column":16},"end":{"line":26,"column":69}},"type":"default-arg","locations":[{"start":{"line":26,"column":28},"end":{"line":26,"column":69}}]},"1":{"loc":{"start":{"line":28,"column":4},"end":{"line":30,"column":5}},"type":"if","locations":[{"start":{"line":28,"column":4},"end":{"line":30,"column":5}},{"start":{},"end":{}}]},"2":{"loc":{"start":{"line":31,"column":18},"end":{"line":31,"column":42}},"type":"binary-expr","locations":[{"start":{"line":31,"column":18},"end":{"line":31,"column":36}},{"start":{"line":31,"column":40},"end":{"line":31,"column":42}}]},"3":{"loc":{"start":{"line":32,"column":21},"end":{"line":32,"column":43}},"type":"binary-expr","locations":[{"start":{"line":32,"column":21},"end":{"line":32,"column":38}},{"start":{"line":32,"column":42},"end":{"line":32,"column":43}}]},"4":{"loc":{"start":{"line":43,"column":4},"end":{"line":43,"column":46}},"type":"if","locations":[{"start":{"line":43,"column":4},"end":{"line":43,"column":46}},{"start":{},"end":{}}]},"5":{"loc":{"start":{"line":50,"column":6},"end":{"line":50,"column":48}},"type":"if","locations":[{"start":{"line":50,"column":6},"end":{"line":50,"column":48}},{"start":{},"end":{}}]},"6":{"loc":{"start":{"line":60,"column":6},"end":{"line":60,"column":48}},"type":"if","locations":[{"start":{"line":60,"column":6},"end":{"line":60,"column":48}},{"start":{},"end":{}}]},"7":{"loc":{"start":{"line":74,"column":6},"end":{"line":74,"column":48}},"type":"if","locations":[{"start":{"line":74,"column":6},"end":{"line":74,"column":48}},{"start":{},"end":{}}]}},"s":{"0":0,"1":0,"2":0,"3":0,"4":0,"5":0,"6":0,"7":0,"8":0,"9":0,"10":0,"11":0,"12":0,"13":0,"14":0,"15":0,"16":0,"17":0,"18":0,"19":0,"20":0,"21":0,"22":0,"23":0,"24":0,"25":0,"26":0,"27":0,"28":0,"29":0,"30":0,"31":0,"32":0,"33":0,"34":0,"35":0,"36":0,"37":0,"38":0,"39":0,"40":0},"f":{"0":0,"1":0,"2":0,"3":0,"4":0,"5":0,"6":0,"7":0,"8":0,"9":0,"10":0},"b":{"0":[0],"1":[0,0],"2":[0,0],"3":[0,0],"4":[0,0],"5":[0,0],"6":[0,0],"7":[0,0]}}
,"C:\\Users\\usuario\\Downloads\\cmpc-libros-backend\\src\\publishers\\publisher.model.ts": {"path":"C:\\Users\\usuario\\Downloads\\cmpc-libros-backend\\src\\publishers\\publisher.model.ts","statementMap":{"0":{"start":{"line":1,"column":0},"end":{"line":1,"column":70}},"1":{"start":{"line":4,"column":7},"end":{"line":10,"column":null}},"2":{"start":{"line":4,"column":13},"end":{"line":4,"column":22}},"3":{"start":{"line":6,"column":2},"end":{"line":6,"column":null}},"4":{"start":{"line":9,"column":2},"end":{"line":9,"column":null}},"5":{"start":{"line":4,"column":13},"end":{"line":10,"column":null}}},"fnMap":{},"branchMap":{},"s":{"0":2,"1":2,"2":2,"3":2,"4":2,"5":2},"f":{},"b":{}}
,"C:\\Users\\usuario\\Downloads\\cmpc-libros-backend\\src\\publishers\\publishers.controller.ts": {"path":"C:\\Users\\usuario\\Downloads\\cmpc-libros-backend\\src\\publishers\\publishers.controller.ts","statementMap":{"0":{"start":{"line":1,"column":0},"end":{"line":1,"column":null}},"1":{"start":{"line":8,"column":0},"end":{"line":8,"column":56}},"2":{"start":{"line":11,"column":7},"end":{"line":33,"column":null}},"3":{"start":{"line":12,"column":31},"end":{"line":12,"column":49}},"4":{"start":{"line":20,"column":20},"end":{"line":20,"column":43}},"5":{"start":{"line":21,"column":21},"end":{"line":21,"column":61}},"6":{"start":{"line":22,"column":4},"end":{"line":26,"column":7}},"7":{"start":{"line":31,"column":4},"end":{"line":31,"column":45}},"8":{"start":{"line":11,"column":13},"end":{"line":11,"column":33}},"9":{"start":{"line":15,"column":2},"end":{"line":27,"column":null}},"10":{"start":{"line":30,"column":2},"end":{"line":32,"column":null}},"11":{"start":{"line":11,"column":13},"end":{"line":33,"column":null}}},"fnMap":{"0":{"name":"(anonymous_4)","decl":{"start":{"line":12,"column":2},"end":{"line":12,"column":31}},"loc":{"start":{"line":12,"column":65},"end":{"line":12,"column":69}}},"1":{"name":"(anonymous_5)","decl":{"start":{"line":15,"column":2},"end":{"line":15,"column":9}},"loc":{"start":{"line":18,"column":36},"end":{"line":27,"column":3}}},"2":{"name":"(anonymous_6)","decl":{"start":{"line":30,"column":2},"end":{"line":30,"column":9}},"loc":{"start":{"line":30,"column":47},"end":{"line":32,"column":3}}}},"branchMap":{"0":{"loc":{"start":{"line":16,"column":19},"end":{"line":16,"column":29}},"type":"default-arg","locations":[{"start":{"line":16,"column":26},"end":{"line":16,"column":29}}]},"1":{"loc":{"start":{"line":17,"column":20},"end":{"line":17,"column":32}},"type":"default-arg","locations":[{"start":{"line":17,"column":28},"end":{"line":17,"column":32}}]},"2":{"loc":{"start":{"line":20,"column":20},"end":{"line":20,"column":43}},"type":"binary-expr","locations":[{"start":{"line":20,"column":20},"end":{"line":20,"column":38}},{"start":{"line":20,"column":42},"end":{"line":20,"column":43}}]},"3":{"loc":{"start":{"line":21,"column":30},"end":{"line":21,"column":55}},"type":"binary-expr","locations":[{"start":{"line":21,"column":30},"end":{"line":21,"column":49}},{"start":{"line":21,"column":53},"end":{"line":21,"column":55}}]}},"s":{"0":0,"1":0,"2":0,"3":0,"4":0,"5":0,"6":0,"7":0,"8":0,"9":0,"10":0,"11":0},"f":{"0":0,"1":0,"2":0},"b":{"0":[0],"1":[0],"2":[0,0],"3":[0,0]}}
,"C:\\Users\\usuario\\Downloads\\cmpc-libros-backend\\src\\publishers\\publishers.module.ts": {"path":"C:\\Users\\usuario\\Downloads\\cmpc-libros-backend\\src\\publishers\\publishers.module.ts","statementMap":{"0":{"start":{"line":1,"column":0},"end":{"line":1,"column":40}},"1":{"start":{"line":2,"column":0},"end":{"line":2,"column":52}},"2":{"start":{"line":4,"column":0},"end":{"line":4,"column":56}},"3":{"start":{"line":5,"column":0},"end":{"line":5,"column":63}},"4":{"start":{"line":6,"column":0},"end":{"line":6,"column":59}},"5":{"start":{"line":14,"column":7},"end":{"line":14,"column":null}},"6":{"start":{"line":14,"column":13},"end":{"line":14,"column":28}},"7":{"start":{"line":14,"column":13},"end":{"line":14,"column":null}}},"fnMap":{},"branchMap":{},"s":{"0":0,"1":0,"2":0,"3":0,"4":0,"5":0,"6":0,"7":0},"f":{},"b":{}}
,"C:\\Users\\usuario\\Downloads\\cmpc-libros-backend\\src\\publishers\\publishers.service.ts": {"path":"C:\\Users\\usuario\\Downloads\\cmpc-libros-backend\\src\\publishers\\publishers.service.ts","statementMap":{"0":{"start":{"line":1,"column":0},"end":{"line":1,"column":63}},"1":{"start":{"line":2,"column":0},"end":{"line":2,"column":48}},"2":{"start":{"line":3,"column":0},"end":{"line":3,"column":49}},"3":{"start":{"line":4,"column":0},"end":{"line":4,"column":31}},"4":{"start":{"line":6,"column":0},"end":{"line":6,"column":59}},"5":{"start":{"line":9,"column":7},"end":{"line":73,"column":null}},"6":{"start":{"line":12,"column":21},"end":{"line":12,"column":53}},"7":{"start":{"line":13,"column":21},"end":{"line":13,"column":32}},"8":{"start":{"line":18,"column":4},"end":{"line":22,"column":7}},"9":{"start":{"line":19,"column":21},"end":{"line":19,"column":90}},"10":{"start":{"line":21,"column":6},"end":{"line":21,"column":20}},"11":{"start":{"line":26,"column":23},"end":{"line":26,"column":25}},"12":{"start":{"line":27,"column":4},"end":{"line":32,"column":5}},"13":{"start":{"line":28,"column":6},"end":{"line":31,"column":8}},"14":{"start":{"line":33,"column":18},"end":{"line":33,"column":42}},"15":{"start":{"line":34,"column":19},"end":{"line":34,"column":57}},"16":{"start":{"line":35,"column":4},"end":{"line":35,"column":99}},"17":{"start":{"line":39,"column":19},"end":{"line":39,"column":57}},"18":{"start":{"line":40,"column":4},"end":{"line":40,"column":47}},"19":{"start":{"line":40,"column":17},"end":{"line":40,"column":47}},"20":{"start":{"line":41,"column":4},"end":{"line":41,"column":18}},"21":{"start":{"line":45,"column":4},"end":{"line":51,"column":7}},"22":{"start":{"line":46,"column":21},"end":{"line":46,"column":80}},"23":{"start":{"line":47,"column":6},"end":{"line":47,"column":49}},"24":{"start":{"line":47,"column":19},"end":{"line":47,"column":49}},"25":{"start":{"line":48,"column":6},"end":{"line":48,"column":59}},"26":{"start":{"line":50,"column":6},"end":{"line":50,"column":20}},"27":{"start":{"line":55,"column":4},"end":{"line":61,"column":7}},"28":{"start":{"line":56,"column":21},"end":{"line":56,"column":80}},"29":{"start":{"line":57,"column":6},"end":{"line":57,"column":49}},"30":{"start":{"line":57,"column":19},"end":{"line":57,"column":49}},"31":{"start":{"line":58,"column":6},"end":{"line":58,"column":48}},"32":{"start":{"line":60,"column":6},"end":{"line":60,"column":31}},"33":{"start":{"line":65,"column":4},"end":{"line":71,"column":7}},"34":{"start":{"line":66,"column":21},"end":{"line":66,"column":107}},"35":{"start":{"line":67,"column":6},"end":{"line":67,"column":49}},"36":{"start":{"line":67,"column":19},"end":{"line":67,"column":49}},"37":{"start":{"line":68,"column":6},"end":{"line":68,"column":48}},"38":{"start":{"line":70,"column":6},"end":{"line":70,"column":20}},"39":{"start":{"line":9,"column":13},"end":{"line":9,"column":29}},"40":{"start":{"line":9,"column":13},"end":{"line":73,"column":null}}},"fnMap":{"0":{"name":"(anonymous_4)","decl":{"start":{"line":10,"column":2},"end":{"line":10,"column":null}},"loc":{"start":{"line":13,"column":41},"end":{"line":15,"column":6}}},"1":{"name":"(anonymous_5)","decl":{"start":{"line":17,"column":2},"end":{"line":17,"column":7}},"loc":{"start":{"line":17,"column":44},"end":{"line":23,"column":3}}},"2":{"name":"(anonymous_6)","decl":{"start":{"line":18,"column":38},"end":{"line":18,"column":43}},"loc":{"start":{"line":18,"column":51},"end":{"line":22,"column":5}}},"3":{"name":"(anonymous_7)","decl":{"start":{"line":25,"column":2},"end":{"line":25,"column":7}},"loc":{"start":{"line":25,"column":69},"end":{"line":36,"column":3}}},"4":{"name":"(anonymous_8)","decl":{"start":{"line":38,"column":2},"end":{"line":38,"column":7}},"loc":{"start":{"line":38,"column":26},"end":{"line":42,"column":3}}},"5":{"name":"(anonymous_9)","decl":{"start":{"line":44,"column":2},"end":{"line":44,"column":7}},"loc":{"start":{"line":44,"column":52},"end":{"line":52,"column":3}}},"6":{"name":"(anonymous_10)","decl":{"start":{"line":45,"column":38},"end":{"line":45,"column":43}},"loc":{"start":{"line":45,"column":51},"end":{"line":51,"column":5}}},"7":{"name":"(anonymous_11)","decl":{"start":{"line":54,"column":2},"end":{"line":54,"column":7}},"loc":{"start":{"line":54,"column":42},"end":{"line":62,"column":3}}},"8":{"name":"(anonymous_12)","decl":{"start":{"line":55,"column":38},"end":{"line":55,"column":43}},"loc":{"start":{"line":55,"column":51},"end":{"line":61,"column":5}}},"9":{"name":"(anonymous_13)","decl":{"start":{"line":64,"column":2},"end":{"line":64,"column":7}},"loc":{"start":{"line":64,"column":43},"end":{"line":72,"column":3}}},"10":{"name":"(anonymous_14)","decl":{"start":{"line":65,"column":38},"end":{"line":65,"column":43}},"loc":{"start":{"line":65,"column":51},"end":{"line":71,"column":5}}}},"branchMap":{"0":{"loc":{"start":{"line":25,"column":16},"end":{"line":25,"column":69}},"type":"default-arg","locations":[{"start":{"line":25,"column":28},"end":{"line":25,"column":69}}]},"1":{"loc":{"start":{"line":27,"column":4},"end":{"line":32,"column":5}},"type":"if","locations":[{"start":{"line":27,"column":4},"end":{"line":32,"column":5}},{"start":{},"end":{}}]},"2":{"loc":{"start":{"line":33,"column":18},"end":{"line":33,"column":42}},"type":"binary-expr","locations":[{"start":{"line":33,"column":18},"end":{"line":33,"column":36}},{"start":{"line":33,"column":40},"end":{"line":33,"column":42}}]},"3":{"loc":{"start":{"line":34,"column":21},"end":{"line":34,"column":43}},"type":"binary-expr","locations":[{"start":{"line":34,"column":21},"end":{"line":34,"column":38}},{"start":{"line":34,"column":42},"end":{"line":34,"column":43}}]},"4":{"loc":{"start":{"line":40,"column":4},"end":{"line":40,"column":47}},"type":"if","locations":[{"start":{"line":40,"column":4},"end":{"line":40,"column":47}},{"start":{},"end":{}}]},"5":{"loc":{"start":{"line":47,"column":6},"end":{"line":47,"column":49}},"type":"if","locations":[{"start":{"line":47,"column":6},"end":{"line":47,"column":49}},{"start":{},"end":{}}]},"6":{"loc":{"start":{"line":57,"column":6},"end":{"line":57,"column":49}},"type":"if","locations":[{"start":{"line":57,"column":6},"end":{"line":57,"column":49}},{"start":{},"end":{}}]},"7":{"loc":{"start":{"line":67,"column":6},"end":{"line":67,"column":49}},"type":"if","locations":[{"start":{"line":67,"column":6},"end":{"line":67,"column":49}},{"start":{},"end":{}}]}},"s":{"0":0,"1":0,"2":0,"3":0,"4":0,"5":0,"6":0,"7":0,"8":0,"9":0,"10":0,"11":0,"12":0,"13":0,"14":0,"15":0,"16":0,"17":0,"18":0,"19":0,"20":0,"21":0,"22":0,"23":0,"24":0,"25":0,"26":0,"27":0,"28":0,"29":0,"30":0,"31":0,"32":0,"33":0,"34":0,"35":0,"36":0,"37":0,"38":0,"39":0,"40":0},"f":{"0":0,"1":0,"2":0,"3":0,"4":0,"5":0,"6":0,"7":0,"8":0,"9":0,"10":0},"b":{"0":[0],"1":[0,0],"2":[0,0],"3":[0,0],"4":[0,0],"5":[0,0],"6":[0,0],"7":[0,0]}}
,"C:\\Users\\usuario\\Downloads\\cmpc-libros-backend\\src\\utils\\csv.ts": {"path":"C:\\Users\\usuario\\Downloads\\cmpc-libros-backend\\src\\utils\\csv.ts","statementMap":{"0":{"start":{"line":5,"column":0},"end":{"line":5,"column":7}},"1":{"start":{"line":1,"column":0},"end":{"line":1,"column":37}},"2":{"start":{"line":2,"column":0},"end":{"line":2,"column":36}},"3":{"start":{"line":6,"column":15},"end":{"line":6,"column":32}},"4":{"start":{"line":7,"column":20},"end":{"line":7,"column":53}},"5":{"start":{"line":8,"column":2},"end":{"line":8,"column":23}},"6":{"start":{"line":10,"column":19},"end":{"line":10,"column":22}},"7":{"start":{"line":11,"column":13},"end":{"line":11,"column":14}},"8":{"start":{"line":12,"column":2},"end":{"line":27,"column":3}},"9":{"start":{"line":13,"column":24},"end":{"line":13,"column":97}},"10":{"start":{"line":14,"column":17},"end":{"line":14,"column":38}},"11":{"start":{"line":15,"column":4},"end":{"line":15,"column":42}},"12":{"start":{"line":15,"column":36},"end":{"line":15,"column":42}},"13":{"start":{"line":16,"column":4},"end":{"line":24,"column":5}},"14":{"start":{"line":17,"column":6},"end":{"line":23,"column":9}},"15":{"start":{"line":25,"column":4},"end":{"line":25,"column":38}},"16":{"start":{"line":25,"column":32},"end":{"line":25,"column":38}},"17":{"start":{"line":26,"column":4},"end":{"line":26,"column":11}},"18":{"start":{"line":28,"column":2},"end":{"line":28,"column":18}},"19":{"start":{"line":29,"column":2},"end":{"line":29,"column":14}}},"fnMap":{"0":{"name":"streamBooksToCsv","decl":{"start":{"line":5,"column":22},"end":{"line":5,"column":38}},"loc":{"start":{"line":5,"column":92},"end":{"line":30,"column":1}}}},"branchMap":{"0":{"loc":{"start":{"line":14,"column":17},"end":{"line":14,"column":38}},"type":"binary-expr","locations":[{"start":{"line":14,"column":17},"end":{"line":14,"column":28}},{"start":{"line":14,"column":32},"end":{"line":14,"column":38}}]},"1":{"loc":{"start":{"line":15,"column":4},"end":{"line":15,"column":42}},"type":"if","locations":[{"start":{"line":15,"column":4},"end":{"line":15,"column":42}},{"start":{},"end":{}}]},"2":{"loc":{"start":{"line":15,"column":8},"end":{"line":15,"column":34}},"type":"binary-expr","locations":[{"start":{"line":15,"column":8},"end":{"line":15,"column":13}},{"start":{"line":15,"column":17},"end":{"line":15,"column":34}}]},"3":{"loc":{"start":{"line":25,"column":4},"end":{"line":25,"column":38}},"type":"if","locations":[{"start":{"line":25,"column":4},"end":{"line":25,"column":38}},{"start":{},"end":{}}]}},"s":{"0":1,"1":1,"2":1,"3":0,"4":0,"5":0,"6":0,"7":0,"8":0,"9":0,"10":0,"11":0,"12":0,"13":0,"14":0,"15":0,"16":0,"17":0,"18":0,"19":0},"f":{"0":0},"b":{"0":[0,0],"1":[0,0],"2":[0,0],"3":[0,0]}}
}
