TN:
SF:src\app.module.ts
FNF:0
FNH:0
DA:1,0
DA:2,0
DA:3,0
DA:4,0
DA:5,0
DA:6,0
DA:7,0
DA:8,0
DA:9,0
DA:10,0
DA:24,0
LF:11
LH:0
BRF:0
BRH:0
end_of_record
TN:
SF:src\main.ts
FN:9,bootstrap
FNF:1
FNH:0
FNDA:0,bootstrap
DA:1,0
DA:2,0
DA:3,0
DA:4,0
DA:5,0
DA:6,0
DA:7,0
DA:10,0
DA:11,0
DA:12,0
DA:13,0
DA:17,0
DA:18,0
DA:20,0
DA:21,0
DA:22,0
DA:24,0
LF:17
LH:0
BRDA:20,0,0,0
BRDA:20,0,1,0
BRF:2
BRH:0
end_of_record
TN:
SF:src\audit\audit.model.ts
FN:4,(anonymous_2)
FNF:1
FNH:0
FNDA:0,(anonymous_2)
DA:1,2
DA:4,2
DA:7,2
DA:10,2
DA:13,2
DA:16,2
DA:19,2
LF:7
LH:7
BRF:0
BRH:0
end_of_record
TN:
SF:src\audit\audit.module.ts
FNF:0
FNH:0
DA:1,0
DA:2,0
DA:3,0
DA:4,0
DA:11,0
LF:5
LH:0
BRF:0
BRH:0
end_of_record
TN:
SF:src\audit\audit.service.ts
FN:8,(anonymous_4)
FN:13,(anonymous_5)
FN:14,(anonymous_6)
FNF:3
FNH:0
FNDA:0,(anonymous_4)
FNDA:0,(anonymous_5)
FNDA:0,(anonymous_6)
DA:1,2
DA:2,2
DA:3,2
DA:4,2
DA:7,2
DA:9,0
DA:10,0
DA:14,0
DA:15,0
LF:9
LH:5
BRF:0
BRH:0
end_of_record
TN:
SF:src\auth\auth.controller.ts
FN:21,(anonymous_4)
FN:33,(anonymous_5)
FNF:2
FNH:0
FNDA:0,(anonymous_4)
FNDA:0,(anonymous_5)
DA:1,0
DA:9,0
DA:10,0
DA:16,0
DA:20,0
DA:21,0
DA:33,0
DA:34,0
DA:35,0
DA:36,0
DA:40,0
LF:11
LH:0
BRDA:35,0,0,0
BRDA:35,0,1,0
BRF:2
BRH:0
end_of_record
TN:
SF:src\auth\auth.module.ts
FN:15,(anonymous_1)
FNF:1
FNH:0
FNDA:0,(anonymous_1)
DA:1,0
DA:2,0
DA:3,0
DA:4,0
DA:5,0
DA:6,0
DA:7,0
DA:15,0
DA:25,0
LF:9
LH:0
BRF:0
BRH:0
end_of_record
TN:
SF:src\auth\auth.service.ts
FN:7,(anonymous_2)
FN:10,(anonymous_3)
FN:26,(anonymous_4)
FN:33,(anonymous_5)
FNF:4
FNH:0
FNDA:0,(anonymous_2)
FNDA:0,(anonymous_3)
FNDA:0,(anonymous_4)
FNDA:0,(anonymous_5)
DA:1,0
DA:2,0
DA:3,0
DA:6,0
DA:7,0
DA:11,0
DA:17,0
DA:18,0
DA:19,0
DA:20,0
DA:23,0
DA:27,0
DA:28,0
DA:35,0
DA:36,0
LF:15
LH:0
BRDA:18,0,0,0
BRDA:18,0,1,0
BRDA:18,1,0,0
BRDA:18,1,1,0
BRDA:35,2,0,0
BRDA:35,2,1,0
BRDA:35,3,0,0
BRDA:35,3,1,0
BRF:8
BRH:0
end_of_record
TN:
SF:src\auth\jwt.strategy.ts
FN:9,(anonymous_2)
FN:20,(anonymous_3)
FNF:2
FNH:0
FNDA:0,(anonymous_2)
FNDA:0,(anonymous_3)
DA:1,0
DA:2,0
DA:3,0
DA:4,0
DA:5,0
DA:8,0
DA:10,0
DA:11,0
DA:13,0
DA:22,0
DA:24,0
DA:25,0
DA:29,0
LF:13
LH:0
BRDA:24,0,0,0
BRDA:24,0,1,0
BRF:2
BRH:0
end_of_record
TN:
SF:src\auth\dto\auth.dto.ts
FNF:0
FNH:0
DA:1,0
DA:2,0
DA:4,0
DA:8,0
DA:13,0
LF:5
LH:0
BRF:0
BRH:0
end_of_record
TN:
SF:src\auth\dto\register.dto.ts
FNF:0
FNH:0
DA:1,0
DA:2,0
DA:4,0
DA:8,0
DA:13,0
DA:18,0
DA:23,0
LF:7
LH:0
BRF:0
BRH:0
end_of_record
TN:
SF:src\authors\authors.controller.ts
FN:30,(anonymous_4)
FN:34,(anonymous_5)
FN:40,(anonymous_6)
FN:51,(anonymous_7)
FN:56,(anonymous_8)
FN:65,(anonymous_9)
FNF:6
FNH:0
FNDA:0,(anonymous_4)
FNDA:0,(anonymous_5)
FNDA:0,(anonymous_6)
FNDA:0,(anonymous_7)
FNDA:0,(anonymous_8)
FNDA:0,(anonymous_9)
DA:1,0
DA:14,0
DA:16,0
DA:22,0
DA:29,0
DA:30,0
DA:34,0
DA:36,0
DA:40,0
DA:45,0
DA:46,0
DA:47,0
DA:51,0
DA:52,0
DA:56,0
DA:60,0
DA:65,0
DA:66,0
LF:18
LH:0
BRDA:41,0,0,0
BRDA:42,1,0,0
BRDA:45,2,0,0
BRDA:45,2,1,0
BRDA:46,3,0,0
BRDA:46,3,1,0
BRF:6
BRH:0
end_of_record
TN:
SF:src\authors\authors.module.ts
FNF:0
FNH:0
DA:1,0
DA:2,0
DA:3,0
DA:4,0
DA:5,0
DA:13,0
LF:6
LH:0
BRF:0
BRH:0
end_of_record
TN:
SF:src\authors\authors.service.ts
FN:9,(anonymous_4)
FN:16,(anonymous_5)
FN:17,(anonymous_6)
FN:24,(anonymous_7)
FN:37,(anonymous_8)
FN:43,(anonymous_9)
FN:44,(anonymous_10)
FN:53,(anonymous_11)
FN:54,(anonymous_12)
FN:63,(anonymous_13)
FN:64,(anonymous_14)
FNF:11
FNH:0
FNDA:0,(anonymous_4)
FNDA:0,(anonymous_5)
FNDA:0,(anonymous_6)
FNDA:0,(anonymous_7)
FNDA:0,(anonymous_8)
FNDA:0,(anonymous_9)
FNDA:0,(anonymous_10)
FNDA:0,(anonymous_11)
FNDA:0,(anonymous_12)
FNDA:0,(anonymous_13)
FNDA:0,(anonymous_14)
DA:1,0
DA:2,0
DA:3,0
DA:4,0
DA:5,0
DA:8,0
DA:11,0
DA:12,0
DA:17,0
DA:18,0
DA:20,0
DA:25,0
DA:26,0
DA:27,0
DA:32,0
DA:33,0
DA:34,0
DA:38,0
DA:39,0
DA:40,0
DA:44,0
DA:45,0
DA:46,0
DA:47,0
DA:49,0
DA:54,0
DA:55,0
DA:56,0
DA:57,0
DA:59,0
DA:64,0
DA:65,0
DA:66,0
DA:67,0
DA:69,0
LF:35
LH:0
BRDA:24,0,0,0
BRDA:26,1,0,0
BRDA:26,1,1,0
BRDA:32,2,0,0
BRDA:32,2,1,0
BRDA:33,3,0,0
BRDA:33,3,1,0
BRDA:39,4,0,0
BRDA:39,4,1,0
BRDA:46,5,0,0
BRDA:46,5,1,0
BRDA:56,6,0,0
BRDA:56,6,1,0
BRDA:66,7,0,0
BRDA:66,7,1,0
BRF:15
BRH:0
end_of_record
TN:
SF:src\books\books.controller.ts
FN:42,(anonymous_4)
FN:84,(anonymous_5)
FN:179,(anonymous_7)
FN:183,(anonymous_8)
FN:198,(anonymous_9)
FN:199,(anonymous_10)
FN:235,(anonymous_11)
FN:243,(anonymous_12)
FN:249,(anonymous_13)
FN:264,(anonymous_14)
FN:271,(anonymous_15)
FN:53,(anonymous_16)
FN:67,(anonymous_17)
FN:76,(anonymous_18)
FNF:14
FNH:2
FNDA:1,(anonymous_4)
FNDA:1,(anonymous_5)
FNDA:0,(anonymous_7)
FNDA:0,(anonymous_8)
FNDA:0,(anonymous_9)
FNDA:0,(anonymous_10)
FNDA:0,(anonymous_11)
FNDA:0,(anonymous_12)
FNDA:0,(anonymous_13)
FNDA:0,(anonymous_14)
FNDA:0,(anonymous_15)
FNDA:0,(anonymous_16)
FNDA:0,(anonymous_17)
FNDA:0,(anonymous_18)
DA:1,1
DA:22,1
DA:29,1
DA:30,1
DA:31,1
DA:33,1
DA:34,1
DA:35,1
DA:38,1
DA:41,1
DA:42,1
DA:54,0
DA:55,0
DA:56,0
DA:57,0
DA:58,0
DA:60,0
DA:64,0
DA:69,0
DA:70,0
DA:71,0
DA:78,0
DA:79,0
DA:84,1
DA:90,1
DA:92,1
DA:93,1
DA:94,1
DA:95,1
DA:120,1
DA:123,1
DA:124,1
DA:125,1
DA:127,1
DA:129,1
DA:130,1
DA:131,0
DA:133,1
DA:136,1
DA:147,0
DA:148,0
DA:149,0
DA:152,0
DA:159,1
DA:170,0
DA:171,0
DA:172,0
DA:173,0
DA:175,0
DA:179,0
DA:180,0
DA:181,0
DA:183,0
DA:187,0
DA:198,0
DA:199,0
DA:200,0
DA:201,0
DA:203,0
DA:204,0
DA:206,0
DA:207,0
DA:211,0
DA:214,0
DA:217,0
DA:220,0
DA:231,0
DA:235,1
DA:236,0
DA:237,0
DA:238,0
DA:239,0
DA:243,1
DA:244,0
DA:249,1
DA:250,0
DA:251,0
DA:252,0
DA:253,0
DA:254,0
DA:255,0
DA:264,1
DA:265,0
DA:266,0
DA:271,1
DA:272,0
DA:273,0
LF:87
LH:32
BRDA:94,0,0,1
BRDA:94,0,1,0
BRDA:99,1,0,0
BRDA:99,1,1,1
BRDA:106,2,0,0
BRDA:106,2,1,1
BRDA:120,3,0,1
BRDA:120,3,1,1
BRDA:120,3,2,1
BRDA:123,4,0,1
BRDA:123,4,1,0
BRDA:124,5,0,1
BRDA:124,5,1,0
BRDA:125,6,0,1
BRDA:125,6,1,0
BRDA:130,7,0,0
BRDA:130,7,1,1
BRDA:147,8,0,0
BRDA:147,8,1,0
BRDA:148,9,0,0
BRDA:148,9,1,0
BRDA:153,10,0,0
BRDA:153,10,1,0
BRDA:171,11,0,0
BRDA:171,11,1,0
BRDA:172,12,0,0
BRDA:172,12,1,0
BRDA:173,13,0,0
BRDA:173,13,1,0
BRDA:180,14,0,0
BRDA:180,14,1,0
BRDA:180,15,0,0
BRDA:180,15,1,0
BRDA:201,16,0,0
BRDA:201,16,1,0
BRDA:203,17,0,0
BRDA:203,17,1,0
BRDA:206,18,0,0
BRDA:206,18,1,0
BRDA:206,19,0,0
BRDA:206,19,1,0
BRDA:252,20,0,0
BRDA:252,20,1,0
BRDA:253,21,0,0
BRDA:253,21,1,0
BRDA:254,22,0,0
BRDA:254,22,1,0
BRDA:56,23,0,0
BRDA:56,23,1,0
BRDA:70,24,0,0
BRDA:70,24,1,0
BRDA:78,25,0,0
BRDA:78,25,1,0
BRF:53
BRH:10
end_of_record
TN:
SF:src\books\books.module.ts
FNF:0
FNH:0
DA:1,0
DA:2,0
DA:3,0
DA:4,0
DA:5,0
DA:6,0
DA:7,0
DA:8,0
DA:9,0
DA:10,0
DA:11,0
DA:12,0
DA:13,0
DA:33,0
LF:14
LH:0
BRF:0
BRH:0
end_of_record
TN:
SF:src\books\books.service.ts
FN:16,(anonymous_4)
FN:33,(anonymous_5)
FN:34,(anonymous_6)
FN:40,(anonymous_7)
FN:47,(anonymous_8)
FN:54,(anonymous_9)
FN:69,(anonymous_10)
FN:168,(anonymous_11)
FN:173,(anonymous_12)
FN:180,(anonymous_13)
FN:182,(anonymous_14)
FN:183,(anonymous_15)
FN:201,(anonymous_16)
FN:231,(anonymous_17)
FN:237,(anonymous_18)
FN:238,(anonymous_19)
FN:247,(anonymous_20)
FN:250,(anonymous_21)
FN:253,(anonymous_22)
FN:264,(anonymous_23)
FN:279,(anonymous_24)
FN:294,(anonymous_25)
FN:309,(anonymous_26)
FN:310,(anonymous_27)
FN:348,(anonymous_28)
FN:349,(anonymous_29)
FNF:26
FNH:25
FNDA:13,(anonymous_4)
FNDA:1,(anonymous_5)
FNDA:1,(anonymous_6)
FNDA:1,(anonymous_7)
FNDA:1,(anonymous_8)
FNDA:1,(anonymous_9)
FNDA:5,(anonymous_10)
FNDA:5,(anonymous_11)
FNDA:0,(anonymous_12)
FNDA:1,(anonymous_13)
FNDA:1,(anonymous_14)
FNDA:2,(anonymous_15)
FNDA:3,(anonymous_16)
FNDA:2,(anonymous_17)
FNDA:2,(anonymous_18)
FNDA:2,(anonymous_19)
FNDA:1,(anonymous_20)
FNDA:1,(anonymous_21)
FNDA:1,(anonymous_22)
FNDA:1,(anonymous_23)
FNDA:1,(anonymous_24)
FNDA:1,(anonymous_25)
FNDA:2,(anonymous_26)
FNDA:2,(anonymous_27)
FNDA:2,(anonymous_28)
FNDA:2,(anonymous_29)
DA:1,2
DA:2,2
DA:3,2
DA:4,2
DA:5,2
DA:6,2
DA:7,2
DA:8,2
DA:9,2
DA:10,2
DA:11,2
DA:12,2
DA:15,2
DA:17,13
DA:19,13
DA:20,13
DA:22,13
DA:24,13
DA:26,13
DA:28,13
DA:29,13
DA:30,13
DA:34,1
DA:35,1
DA:39,1
DA:40,1
DA:46,1
DA:47,1
DA:53,1
DA:54,1
DA:65,1
DA:70,5
DA:71,5
DA:72,5
DA:75,5
DA:76,1
DA:80,5
DA:84,2
DA:85,2
DA:86,1
DA:88,0
DA:94,5
DA:95,1
DA:105,4
DA:115,5
DA:116,1
DA:125,4
DA:135,5
DA:136,1
DA:144,4
DA:153,5
DA:168,5
DA:171,5
DA:172,1
DA:173,0
DA:178,1
DA:180,1
DA:183,2
DA:184,1
DA:191,5
DA:193,5
DA:194,1
DA:195,1
DA:197,1
DA:198,0
DA:199,1
DA:200,1
DA:201,3
DA:202,1
DA:203,0
DA:210,1
DA:215,5
DA:216,5
DA:219,5
DA:228,5
DA:232,2
DA:233,2
DA:234,1
DA:238,2
DA:240,2
DA:241,2
DA:244,1
DA:247,1
DA:248,1
DA:250,1
DA:251,1
DA:253,1
DA:254,1
DA:258,1
DA:262,1
DA:263,1
DA:264,1
DA:273,1
DA:277,1
DA:278,1
DA:279,1
DA:288,1
DA:292,1
DA:293,1
DA:294,1
DA:303,1
DA:305,1
DA:310,2
DA:312,2
DA:313,2
DA:317,1
DA:333,1
DA:344,1
DA:349,2
DA:350,2
DA:355,2
DA:356,1
DA:357,1
DA:358,1
LF:114
LH:110
BRDA:40,0,0,1
BRDA:40,0,1,0
BRDA:47,1,0,1
BRDA:47,1,1,0
BRDA:54,2,0,1
BRDA:54,2,1,0
BRDA:69,3,0,0
BRDA:75,4,0,1
BRDA:75,4,1,4
BRDA:80,5,0,2
BRDA:80,5,1,3
BRDA:81,6,0,5
BRDA:81,6,1,2
BRDA:84,7,0,2
BRDA:84,7,1,0
BRDA:85,8,0,1
BRDA:85,8,1,1
BRDA:86,9,0,1
BRDA:86,9,1,0
BRDA:94,10,0,1
BRDA:94,10,1,4
BRDA:115,11,0,1
BRDA:115,11,1,4
BRDA:135,12,0,1
BRDA:135,12,1,4
BRDA:171,13,0,4
BRDA:171,13,1,1
BRDA:172,14,0,0
BRDA:172,14,1,1
BRDA:175,15,0,0
BRDA:175,15,1,0
BRDA:175,16,0,0
BRDA:175,16,1,0
BRDA:186,17,0,0
BRDA:186,17,1,1
BRDA:186,18,0,1
BRDA:186,18,1,0
BRDA:195,19,0,0
BRDA:195,19,1,1
BRDA:197,20,0,0
BRDA:197,20,1,1
BRDA:197,21,0,1
BRDA:197,21,1,1
BRDA:199,22,0,1
BRDA:199,22,1,0
BRDA:199,23,0,1
BRDA:199,23,1,1
BRDA:202,24,0,0
BRDA:202,24,1,1
BRDA:215,25,0,5
BRDA:215,25,1,4
BRDA:216,26,0,5
BRDA:216,26,1,4
BRDA:233,27,0,1
BRDA:233,27,1,1
BRDA:241,28,0,1
BRDA:241,28,1,1
BRDA:247,29,0,1
BRDA:247,29,1,0
BRDA:250,30,0,1
BRDA:250,30,1,0
BRDA:253,31,0,1
BRDA:253,31,1,0
BRDA:262,32,0,1
BRDA:262,32,1,0
BRDA:277,33,0,1
BRDA:277,33,1,0
BRDA:292,34,0,1
BRDA:292,34,1,0
BRDA:313,35,0,1
BRDA:313,35,1,1
BRDA:355,36,0,1
BRDA:355,36,1,1
BRF:73
BRH:50
end_of_record
TN:
SF:src\books\dto\books.dto.ts
FNF:0
FNH:0
DA:1,0
DA:3,0
DA:5,0
DA:8,0
DA:12,0
LF:5
LH:0
BRF:0
BRH:0
end_of_record
TN:
SF:src\books\models\author.model.ts
FNF:0
FNH:0
DA:1,2
DA:4,2
DA:6,2
DA:9,2
DA:12,2
LF:5
LH:5
BRF:0
BRH:0
end_of_record
TN:
SF:src\books\models\book-author.model.ts
FN:7,(anonymous_2)
FN:11,(anonymous_3)
FNF:2
FNH:0
FNDA:0,(anonymous_2)
FNDA:0,(anonymous_3)
DA:1,2
DA:2,2
DA:3,2
DA:6,2
DA:7,0
DA:9,2
DA:11,0
DA:13,2
LF:8
LH:6
BRF:0
BRH:0
end_of_record
TN:
SF:src\books\models\book-genre.model.ts
FN:7,(anonymous_2)
FN:11,(anonymous_3)
FNF:2
FNH:0
FNDA:0,(anonymous_2)
FNDA:0,(anonymous_3)
DA:1,2
DA:2,2
DA:3,2
DA:6,2
DA:7,0
DA:9,2
DA:11,0
DA:13,2
LF:8
LH:6
BRF:0
BRH:0
end_of_record
TN:
SF:src\books\models\book-publisher.model.ts
FN:7,(anonymous_2)
FN:11,(anonymous_3)
FNF:2
FNH:0
FNDA:0,(anonymous_2)
FNDA:0,(anonymous_3)
DA:1,2
DA:2,2
DA:3,2
DA:6,2
DA:7,0
DA:9,2
DA:11,0
DA:13,2
LF:8
LH:6
BRF:0
BRH:0
end_of_record
TN:
SF:src\books\models\book.model.ts
FN:38,(anonymous_2)
FN:41,(anonymous_3)
FN:41,(anonymous_4)
FN:44,(anonymous_5)
FN:44,(anonymous_6)
FN:47,(anonymous_7)
FN:47,(anonymous_8)
FNF:7
FNH:0
FNDA:0,(anonymous_2)
FNDA:0,(anonymous_3)
FNDA:0,(anonymous_4)
FNDA:0,(anonymous_5)
FNDA:0,(anonymous_6)
FNDA:0,(anonymous_7)
FNDA:0,(anonymous_8)
DA:1,2
DA:11,2
DA:12,2
DA:13,2
DA:14,2
DA:15,2
DA:16,2
DA:17,2
DA:20,2
DA:24,2
DA:27,2
DA:30,2
DA:33,2
DA:36,2
DA:38,0
DA:39,2
DA:41,0
DA:42,2
DA:44,0
DA:45,2
DA:47,0
DA:48,2
DA:51,2
LF:23
LH:19
BRF:0
BRH:0
end_of_record
TN:
SF:src\books\models\genre.model.ts
FNF:0
FNH:0
DA:1,2
DA:4,2
DA:6,2
DA:9,2
LF:4
LH:4
BRF:0
BRH:0
end_of_record
TN:
SF:src\books\models\inventory.model.ts
FN:9,(anonymous_2)
FNF:1
FNH:0
FNDA:0,(anonymous_2)
DA:1,2
DA:2,2
DA:5,2
DA:7,2
DA:9,0
DA:11,2
DA:14,2
DA:17,2
LF:8
LH:7
BRF:0
BRH:0
end_of_record
TN:
SF:src\books\schemas\create-book.schema.ts
FNF:0
FNH:0
DA:1,0
DA:3,0
LF:2
LH:0
BRF:0
BRH:0
end_of_record
TN:
SF:src\common\guards\jwt-auth.guard.ts
FNF:0
FNH:0
DA:1,1
DA:2,1
DA:5,1
LF:3
LH:3
BRF:0
BRH:0
end_of_record
TN:
SF:src\common\pipes\zod-validation.pipe.ts
FN:6,(anonymous_2)
FN:8,(anonymous_3)
FN:14,(anonymous_4)
FNF:3
FNH:0
FNDA:0,(anonymous_2)
FNDA:0,(anonymous_3)
FNDA:0,(anonymous_4)
DA:1,0
DA:2,0
DA:5,0
DA:6,0
DA:9,0
DA:10,0
DA:11,0
DA:13,0
DA:14,0
DA:16,0
LF:10
LH:0
BRDA:13,0,0,0
BRDA:13,0,1,0
BRF:2
BRH:0
end_of_record
TN:
SF:src\config\database.config.ts
FN:13,createSequelizeInstance
FN:34,(anonymous_1)
FNF:2
FNH:0
FNDA:0,createSequelizeInstance
FNDA:0,(anonymous_1)
DA:2,0
DA:3,0
DA:4,0
DA:5,0
DA:6,0
DA:7,0
DA:8,0
DA:9,0
DA:10,0
DA:11,0
DA:13,0
DA:14,0
DA:34,0
LF:13
LH:0
BRDA:16,0,0,0
BRDA:16,0,1,0
BRDA:17,1,0,0
BRDA:17,1,1,0
BRDA:18,2,0,0
BRDA:18,2,1,0
BRDA:19,3,0,0
BRDA:19,3,1,0
BRDA:20,4,0,0
BRDA:20,4,1,0
BRF:10
BRH:0
end_of_record
TN:
SF:src\genres\genres.controller.ts
FN:17,(anonymous_4)
FN:21,(anonymous_5)
FN:26,(anonymous_6)
FN:37,(anonymous_7)
FN:42,(anonymous_8)
FN:48,(anonymous_9)
FNF:6
FNH:0
FNDA:0,(anonymous_4)
FNDA:0,(anonymous_5)
FNDA:0,(anonymous_6)
FNDA:0,(anonymous_7)
FNDA:0,(anonymous_8)
FNDA:0,(anonymous_9)
DA:1,0
DA:2,0
DA:4,0
DA:9,0
DA:16,0
DA:17,0
DA:21,0
DA:22,0
DA:26,0
DA:31,0
DA:32,0
DA:33,0
DA:37,0
DA:38,0
DA:42,0
DA:43,0
DA:48,0
DA:49,0
LF:18
LH:0
BRDA:27,0,0,0
BRDA:28,1,0,0
BRDA:31,2,0,0
BRDA:31,2,1,0
BRDA:32,3,0,0
BRDA:32,3,1,0
BRF:6
BRH:0
end_of_record
TN:
SF:src\genres\genres.module.ts
FNF:0
FNH:0
DA:1,0
DA:2,0
DA:3,0
DA:4,0
DA:5,0
DA:13,0
LF:6
LH:0
BRF:0
BRH:0
end_of_record
TN:
SF:src\genres\genres.service.ts
FN:9,(anonymous_4)
FN:16,(anonymous_5)
FN:17,(anonymous_6)
FN:26,(anonymous_7)
FN:41,(anonymous_8)
FN:47,(anonymous_9)
FN:48,(anonymous_10)
FN:57,(anonymous_11)
FN:58,(anonymous_12)
FN:67,(anonymous_13)
FN:68,(anonymous_14)
FNF:11
FNH:0
FNDA:0,(anonymous_4)
FNDA:0,(anonymous_5)
FNDA:0,(anonymous_6)
FNDA:0,(anonymous_7)
FNDA:0,(anonymous_8)
FNDA:0,(anonymous_9)
FNDA:0,(anonymous_10)
FNDA:0,(anonymous_11)
FNDA:0,(anonymous_12)
FNDA:0,(anonymous_13)
FNDA:0,(anonymous_14)
DA:1,0
DA:2,0
DA:3,0
DA:4,0
DA:5,0
DA:8,0
DA:11,0
DA:12,0
DA:17,0
DA:18,0
DA:22,0
DA:27,0
DA:28,0
DA:29,0
DA:31,0
DA:32,0
DA:33,0
DA:42,0
DA:43,0
DA:44,0
DA:48,0
DA:49,0
DA:50,0
DA:51,0
DA:53,0
DA:58,0
DA:59,0
DA:60,0
DA:61,0
DA:63,0
DA:68,0
DA:69,0
DA:74,0
DA:75,0
DA:77,0
LF:35
LH:0
BRDA:26,0,0,0
BRDA:28,1,0,0
BRDA:28,1,1,0
BRDA:31,2,0,0
BRDA:31,2,1,0
BRDA:32,3,0,0
BRDA:32,3,1,0
BRDA:43,4,0,0
BRDA:43,4,1,0
BRDA:50,5,0,0
BRDA:50,5,1,0
BRDA:60,6,0,0
BRDA:60,6,1,0
BRDA:74,7,0,0
BRDA:74,7,1,0
BRF:15
BRH:0
end_of_record
TN:
SF:src\publishers\publisher.model.ts
FNF:0
FNH:0
DA:1,2
DA:4,2
DA:6,2
DA:9,2
LF:4
LH:4
BRF:0
BRH:0
end_of_record
TN:
SF:src\publishers\publishers.controller.ts
FN:12,(anonymous_4)
FN:15,(anonymous_5)
FN:30,(anonymous_6)
FNF:3
FNH:0
FNDA:0,(anonymous_4)
FNDA:0,(anonymous_5)
FNDA:0,(anonymous_6)
DA:1,0
DA:8,0
DA:11,0
DA:12,0
DA:15,0
DA:20,0
DA:21,0
DA:22,0
DA:30,0
DA:31,0
LF:10
LH:0
BRDA:16,0,0,0
BRDA:17,1,0,0
BRDA:20,2,0,0
BRDA:20,2,1,0
BRDA:21,3,0,0
BRDA:21,3,1,0
BRF:6
BRH:0
end_of_record
TN:
SF:src\publishers\publishers.module.ts
FNF:0
FNH:0
DA:1,0
DA:2,0
DA:4,0
DA:5,0
DA:6,0
DA:14,0
LF:6
LH:0
BRF:0
BRH:0
end_of_record
TN:
SF:src\publishers\publishers.service.ts
FN:10,(anonymous_4)
FN:17,(anonymous_5)
FN:18,(anonymous_6)
FN:25,(anonymous_7)
FN:38,(anonymous_8)
FN:44,(anonymous_9)
FN:45,(anonymous_10)
FN:54,(anonymous_11)
FN:55,(anonymous_12)
FN:64,(anonymous_13)
FN:65,(anonymous_14)
FNF:11
FNH:0
FNDA:0,(anonymous_4)
FNDA:0,(anonymous_5)
FNDA:0,(anonymous_6)
FNDA:0,(anonymous_7)
FNDA:0,(anonymous_8)
FNDA:0,(anonymous_9)
FNDA:0,(anonymous_10)
FNDA:0,(anonymous_11)
FNDA:0,(anonymous_12)
FNDA:0,(anonymous_13)
FNDA:0,(anonymous_14)
DA:1,0
DA:2,0
DA:3,0
DA:4,0
DA:6,0
DA:9,0
DA:12,0
DA:13,0
DA:18,0
DA:19,0
DA:21,0
DA:26,0
DA:27,0
DA:28,0
DA:33,0
DA:34,0
DA:35,0
DA:39,0
DA:40,0
DA:41,0
DA:45,0
DA:46,0
DA:47,0
DA:48,0
DA:50,0
DA:55,0
DA:56,0
DA:57,0
DA:58,0
DA:60,0
DA:65,0
DA:66,0
DA:67,0
DA:68,0
DA:70,0
LF:35
LH:0
BRDA:25,0,0,0
BRDA:27,1,0,0
BRDA:27,1,1,0
BRDA:33,2,0,0
BRDA:33,2,1,0
BRDA:34,3,0,0
BRDA:34,3,1,0
BRDA:40,4,0,0
BRDA:40,4,1,0
BRDA:47,5,0,0
BRDA:47,5,1,0
BRDA:57,6,0,0
BRDA:57,6,1,0
BRDA:67,7,0,0
BRDA:67,7,1,0
BRF:15
BRH:0
end_of_record
TN:
SF:src\utils\csv.ts
FN:5,streamBooksToCsv
FNF:1
FNH:0
FNDA:0,streamBooksToCsv
DA:1,1
DA:2,1
DA:5,1
DA:6,0
DA:7,0
DA:8,0
DA:10,0
DA:11,0
DA:12,0
DA:13,0
DA:14,0
DA:15,0
DA:16,0
DA:17,0
DA:25,0
DA:26,0
DA:28,0
DA:29,0
LF:18
LH:3
BRDA:14,0,0,0
BRDA:14,0,1,0
BRDA:15,1,0,0
BRDA:15,1,1,0
BRDA:15,2,0,0
BRDA:15,2,1,0
BRDA:25,3,0,0
BRDA:25,3,1,0
BRF:8
BRH:0
end_of_record
